
[[34m2026-06-14T14:01:46.148+0000[0m] {[34mconfiguration.py:[0m2087} INFO[0m - Creating new FAB webserver config file in: /opt/airflow/webserver_config.py[0m
[[34m2026-06-14T14:02:15.711+0000[0m] {[34mproviders_manager.py:[0m283} INFO[0m - Optional provider feature disabled when importing 'airflow.providers.google.leveldb.hooks.leveldb.LevelDBHook' from 'apache-airflow-providers-google' package[0m
docker : /home/airflow/.local/lib/python3.12/site-packages/flask_limiter/extension.py:337 UserWarning: Using the i
n-memory storage for tracking rate limits as no storage was explicitly specified. This is not recommended for prod
uction use. See: https://flask-limiter.readthedocs.io#configuring-a-storage-backend for documentation about config
uring the storage backend.
위치 줄:1 문자:1
+ docker logs airflow-webserver 2>&1 | Out-File -FilePath webserver_ful ...
+ ~~~~~~~~~~~~~~~~~~~~~~~~~~~~~~~~~~
    + CategoryInfo          : NotSpecified: (/home/airflow/....torage backend.:String) [], RemoteException
    + FullyQualifiedErrorId : NativeCommandError
 
[2026-06-14 14:01:56 +0000] [13] [INFO] Starting gunicorn 22.0.0
/home/airflow/.local/lib/python3.12/site-packages/azure/batch/models/_models_py3.py:4839 SyntaxWarning: invalid es
cape sequence '\s'
/home/airflow/.local/lib/python3.12/site-packages/azure/mgmt/datafactory/models/_models_py3.py:213 SyntaxWarning: 
invalid escape sequence '\d'
/home/airflow/.local/lib/python3.12/site-packages/azure/mgmt/datafactory/models/_models_py3.py:260 SyntaxWarning: 
invalid escape sequence '\d'
/home/airflow/.local/lib/python3.12/site-packages/azure/mgmt/datafactory/models/_models_py3.py:1189 SyntaxWarning:
 invalid escape sequence '\d'
/home/airflow/.local/lib/python3.12/site-packages/azure/mgmt/datafactory/models/_models_py3.py:1291 SyntaxWarning:
 invalid escape sequence '\d'
/home/airflow/.local/lib/python3.12/site-packages/azure/mgmt/datafactory/models/_models_py3.py:1318 SyntaxWarning:
 invalid escape sequence '\d'
/home/airflow/.local/lib/python3.12/site-packages/azure/mgmt/datafactory/models/_models_py3.py:1458 SyntaxWarning:
 invalid escape sequence '\d'
/home/airflow/.local/lib/python3.12/site-packages/azure/mgmt/datafactory/models/_models_py3.py:1495 SyntaxWarning:
 invalid escape sequence '\d'
/home/airflow/.local/lib/python3.12/site-packages/azure/mgmt/datafactory/models/_models_py3.py:1556 SyntaxWarning:
 invalid escape sequence '\d'
/home/airflow/.local/lib/python3.12/site-packages/azure/mgmt/datafactory/models/_models_py3.py:1746 SyntaxWarning:
 invalid escape sequence '\d'
/home/airflow/.local/lib/python3.12/site-packages/azure/mgmt/datafactory/models/_models_py3.py:1817 SyntaxWarning:
 invalid escape sequence '\d'
/home/airflow/.local/lib/python3.12/site-packages/azure/mgmt/datafactory/models/_models_py3.py:2093 SyntaxWarning:
 invalid escape sequence '\d'
/home/airflow/.local/lib/python3.12/site-packages/azure/mgmt/datafactory/models/_models_py3.py:2183 SyntaxWarning:
 invalid escape sequence '\d'
/home/airflow/.local/lib/python3.12/site-packages/azure/mgmt/datafactory/models/_models_py3.py:2482 SyntaxWarning:
 invalid escape sequence '\d'
/home/airflow/.local/lib/python3.12/site-packages/azure/mgmt/datafactory/models/_models_py3.py:2548 SyntaxWarning:
 invalid escape sequence '\d'
/home/airflow/.local/lib/python3.12/site-packages/azure/mgmt/datafactory/models/_models_py3.py:4365 SyntaxWarning:
 invalid escape sequence '\d'
/home/airflow/.local/lib/python3.12/site-packages/azure/mgmt/datafactory/models/_models_py3.py:4481 SyntaxWarning:
 invalid escape sequence '\d'
/home/airflow/.local/lib/python3.12/site-packages/azure/mgmt/datafactory/models/_models_py3.py:4516 SyntaxWarning:
 invalid escape sequence '\d'
/home/airflow/.local/lib/python3.12/site-packages/azure/mgmt/datafactory/models/_models_py3.py:4580 SyntaxWarning:
 invalid escape sequence '\d'
/home/airflow/.local/lib/python3.12/site-packages/azure/mgmt/datafactory/models/_models_py3.py:4623 SyntaxWarning:
 invalid escape sequence '\d'
/home/airflow/.local/lib/python3.12/site-packages/azure/mgmt/datafactory/models/_models_py3.py:4678 SyntaxWarning:
 invalid escape sequence '\d'
/home/airflow/.local/lib/python3.12/site-packages/azure/mgmt/datafactory/models/_models_py3.py:5689 SyntaxWarning:
 invalid escape sequence '\d'
/home/airflow/.local/lib/python3.12/site-packages/azure/mgmt/datafactory/models/_models_py3.py:5755 SyntaxWarning:
 invalid escape sequence '\d'
/home/airflow/.local/lib/python3.12/site-packages/azure/mgmt/datafactory/models/_models_py3.py:5800 SyntaxWarning:
 invalid escape sequence '\d'
/home/airflow/.local/lib/python3.12/site-packages/azure/mgmt/datafactory/models/_models_py3.py:5861 SyntaxWarning:
 invalid escape sequence '\d'
/home/airflow/.local/lib/python3.12/site-packages/azure/mgmt/datafactory/models/_models_py3.py:6986 SyntaxWarning:
 invalid escape sequence '\d'
/home/airflow/.local/lib/python3.12/site-packages/azure/mgmt/datafactory/models/_models_py3.py:7051 SyntaxWarning:
 invalid escape sequence '\d'
/home/airflow/.local/lib/python3.12/site-packages/azure/mgmt/datafactory/models/_models_py3.py:7096 SyntaxWarning:
 invalid escape sequence '\d'
/home/airflow/.local/lib/python3.12/site-packages/azure/mgmt/datafactory/models/_models_py3.py:7151 SyntaxWarning:
 invalid escape sequence '\d'
/home/airflow/.local/lib/python3.12/site-packages/azure/mgmt/datafactory/models/_models_py3.py:7588 SyntaxWarning:
 invalid escape sequence '\d'
/home/airflow/.local/lib/python3.12/site-packages/azure/mgmt/datafactory/models/_models_py3.py:7661 SyntaxWarning:
 invalid escape sequence '\d'
/home/airflow/.local/lib/python3.12/site-packages/azure/mgmt/datafactory/models/_models_py3.py:7832 SyntaxWarning:
 invalid escape sequence '\d'
/home/airflow/.local/lib/python3.12/site-packages/azure/mgmt/datafactory/models/_models_py3.py:7903 SyntaxWarning:
 invalid escape sequence '\d'
/home/airflow/.local/lib/python3.12/site-packages/azure/mgmt/datafactory/models/_models_py3.py:7952 SyntaxWarning:
 invalid escape sequence '\d'
/home/airflow/.local/lib/python3.12/site-packages/azure/mgmt/datafactory/models/_models_py3.py:8019 SyntaxWarning:
 invalid escape sequence '\d'
/home/airflow/.local/lib/python3.12/site-packages/azure/mgmt/datafactory/models/_models_py3.py:8812 SyntaxWarning:
 invalid escape sequence '\d'
/home/airflow/.local/lib/python3.12/site-packages/azure/mgmt/datafactory/models/_models_py3.py:8877 SyntaxWarning:
 invalid escape sequence '\d'
/home/airflow/.local/lib/python3.12/site-packages/azure/mgmt/datafactory/models/_models_py3.py:8921 SyntaxWarning:
 invalid escape sequence '\d'
/home/airflow/.local/lib/python3.12/site-packages/azure/mgmt/datafactory/models/_models_py3.py:8972 SyntaxWarning:
 invalid escape sequence '\d'
/home/airflow/.local/lib/python3.12/site-packages/azure/mgmt/datafactory/models/_models_py3.py:10035 SyntaxWarning
: invalid escape sequence '\d'
/home/airflow/.local/lib/python3.12/site-packages/azure/mgmt/datafactory/models/_models_py3.py:10096 SyntaxWarning
: invalid escape sequence '\d'
/home/airflow/.local/lib/python3.12/site-packages/azure/mgmt/datafactory/models/_models_py3.py:11122 SyntaxWarning
: invalid escape sequence '\d'
/home/airflow/.local/lib/python3.12/site-packages/azure/mgmt/datafactory/models/_models_py3.py:11183 SyntaxWarning
: invalid escape sequence '\d'
/home/airflow/.local/lib/python3.12/site-packages/azure/mgmt/datafactory/models/_models_py3.py:11224 SyntaxWarning
: invalid escape sequence '\d'
/home/airflow/.local/lib/python3.12/site-packages/azure/mgmt/datafactory/models/_models_py3.py:11284 SyntaxWarning
: invalid escape sequence '\d'
/home/airflow/.local/lib/python3.12/site-packages/azure/mgmt/datafactory/models/_models_py3.py:11529 SyntaxWarning
: invalid escape sequence '\d'
/home/airflow/.local/lib/python3.12/site-packages/azure/mgmt/datafactory/models/_models_py3.py:11590 SyntaxWarning
: invalid escape sequence '\d'
/home/airflow/.local/lib/python3.12/site-packages/azure/mgmt/datafactory/models/_models_py3.py:11631 SyntaxWarning
: invalid escape sequence '\d'
/home/airflow/.local/lib/python3.12/site-packages/azure/mgmt/datafactory/models/_models_py3.py:11692 SyntaxWarning
: invalid escape sequence '\d'
/home/airflow/.local/lib/python3.12/site-packages/azure/mgmt/datafactory/models/_models_py3.py:11855 SyntaxWarning
: invalid escape sequence '\d'
/home/airflow/.local/lib/python3.12/site-packages/azure/mgmt/datafactory/models/_models_py3.py:11911 SyntaxWarning
: invalid escape sequence '\d'
/home/airflow/.local/lib/python3.12/site-packages/azure/mgmt/datafactory/models/_models_py3.py:12053 SyntaxWarning
: invalid escape sequence '\d'
/home/airflow/.local/lib/python3.12/site-packages/azure/mgmt/datafactory/models/_models_py3.py:12115 SyntaxWarning
: invalid escape sequence '\d'
/home/airflow/.local/lib/python3.12/site-packages/azure/mgmt/datafactory/models/_models_py3.py:12932 SyntaxWarning
: invalid escape sequence '\d'
/home/airflow/.local/lib/python3.12/site-packages/azure/mgmt/datafactory/models/_models_py3.py:13034 SyntaxWarning
: invalid escape sequence '\d'
/home/airflow/.local/lib/python3.12/site-packages/azure/mgmt/datafactory/models/_models_py3.py:13105 SyntaxWarning
: invalid escape sequence '\d'
/home/airflow/.local/lib/python3.12/site-packages/azure/mgmt/datafactory/models/_models_py3.py:13196 SyntaxWarning
: invalid escape sequence '\d'
/home/airflow/.local/lib/python3.12/site-packages/azure/mgmt/datafactory/models/_models_py3.py:13694 SyntaxWarning
: invalid escape sequence '\d'
/home/airflow/.local/lib/python3.12/site-packages/azure/mgmt/datafactory/models/_models_py3.py:13770 SyntaxWarning
: invalid escape sequence '\d'
/home/airflow/.local/lib/python3.12/site-packages/azure/mgmt/datafactory/models/_models_py3.py:13823 SyntaxWarning
: invalid escape sequence '\d'
/home/airflow/.local/lib/python3.12/site-packages/azure/mgmt/datafactory/models/_models_py3.py:13889 SyntaxWarning
: invalid escape sequence '\d'
/home/airflow/.local/lib/python3.12/site-packages/azure/mgmt/datafactory/models/_models_py3.py:14277 SyntaxWarning
: invalid escape sequence '\d'
/home/airflow/.local/lib/python3.12/site-packages/azure/mgmt/datafactory/models/_models_py3.py:14337 SyntaxWarning
: invalid escape sequence '\d'
/home/airflow/.local/lib/python3.12/site-packages/azure/mgmt/datafactory/models/_models_py3.py:14377 SyntaxWarning
: invalid escape sequence '\d'
/home/airflow/.local/lib/python3.12/site-packages/azure/mgmt/datafactory/models/_models_py3.py:14431 SyntaxWarning
: invalid escape sequence '\d'
/home/airflow/.local/lib/python3.12/site-packages/azure/mgmt/datafactory/models/_models_py3.py:14727 SyntaxWarning
: invalid escape sequence '\d'
/home/airflow/.local/lib/python3.12/site-packages/azure/mgmt/datafactory/models/_models_py3.py:14807 SyntaxWarning
: invalid escape sequence '\d'
/home/airflow/.local/lib/python3.12/site-packages/azure/mgmt/datafactory/models/_models_py3.py:14863 SyntaxWarning
: invalid escape sequence '\d'
/home/airflow/.local/lib/python3.12/site-packages/azure/mgmt/datafactory/models/_models_py3.py:14924 SyntaxWarning
: invalid escape sequence '\d'
/home/airflow/.local/lib/python3.12/site-packages/azure/mgmt/datafactory/models/_models_py3.py:15178 SyntaxWarning
: invalid escape sequence '\d'
/home/airflow/.local/lib/python3.12/site-packages/azure/mgmt/datafactory/models/_models_py3.py:15249 SyntaxWarning
: invalid escape sequence '\d'
/home/airflow/.local/lib/python3.12/site-packages/azure/mgmt/datafactory/models/_models_py3.py:16131 SyntaxWarning
: invalid escape sequence '\d'
/home/airflow/.local/lib/python3.12/site-packages/azure/mgmt/datafactory/models/_models_py3.py:16203 SyntaxWarning
: invalid escape sequence '\d'
/home/airflow/.local/lib/python3.12/site-packages/azure/mgmt/datafactory/models/_models_py3.py:16252 SyntaxWarning
: invalid escape sequence '\d'
/home/airflow/.local/lib/python3.12/site-packages/azure/mgmt/datafactory/models/_models_py3.py:16308 SyntaxWarning
: invalid escape sequence '\d'
/home/airflow/.local/lib/python3.12/site-packages/azure/mgmt/datafactory/models/_models_py3.py:16668 SyntaxWarning
: invalid escape sequence '\d'
/home/airflow/.local/lib/python3.12/site-packages/azure/mgmt/datafactory/models/_models_py3.py:16729 SyntaxWarning
: invalid escape sequence '\d'
/home/airflow/.local/lib/python3.12/site-packages/azure/mgmt/datafactory/models/_models_py3.py:17551 SyntaxWarning
: invalid escape sequence '\d'
/home/airflow/.local/lib/python3.12/site-packages/azure/mgmt/datafactory/models/_models_py3.py:17613 SyntaxWarning
: invalid escape sequence '\d'
/home/airflow/.local/lib/python3.12/site-packages/azure/mgmt/datafactory/models/_models_py3.py:17655 SyntaxWarning
: invalid escape sequence '\d'
/home/airflow/.local/lib/python3.12/site-packages/azure/mgmt/datafactory/models/_models_py3.py:17728 SyntaxWarning
: invalid escape sequence '\d'
/home/airflow/.local/lib/python3.12/site-packages/azure/mgmt/datafactory/models/_models_py3.py:17884 SyntaxWarning
: invalid escape sequence '\d'
/home/airflow/.local/lib/python3.12/site-packages/azure/mgmt/datafactory/models/_models_py3.py:17945 SyntaxWarning
: invalid escape sequence '\d'
/home/airflow/.local/lib/python3.12/site-packages/azure/mgmt/datafactory/models/_models_py3.py:17986 SyntaxWarning
: invalid escape sequence '\d'
/home/airflow/.local/lib/python3.12/site-packages/azure/mgmt/datafactory/models/_models_py3.py:18056 SyntaxWarning
: invalid escape sequence '\d'
/home/airflow/.local/lib/python3.12/site-packages/azure/mgmt/datafactory/models/_models_py3.py:18196 SyntaxWarning
: invalid escape sequence '\d'
/home/airflow/.local/lib/python3.12/site-packages/azure/mgmt/datafactory/models/_models_py3.py:18257 SyntaxWarning
: invalid escape sequence '\d'
/home/airflow/.local/lib/python3.12/site-packages/azure/mgmt/datafactory/models/_models_py3.py:21223 SyntaxWarning
: invalid escape sequence '\d'
/home/airflow/.local/lib/python3.12/site-packages/azure/mgmt/datafactory/models/_models_py3.py:21283 SyntaxWarning
: invalid escape sequence '\d'
/home/airflow/.local/lib/python3.12/site-packages/azure/mgmt/datafactory/models/_models_py3.py:21852 SyntaxWarning
: invalid escape sequence '\d'
/home/airflow/.local/lib/python3.12/site-packages/azure/mgmt/datafactory/models/_models_py3.py:21916 SyntaxWarning
: invalid escape sequence '\d'
/home/airflow/.local/lib/python3.12/site-packages/azure/mgmt/datafactory/models/_models_py3.py:21959 SyntaxWarning
: invalid escape sequence '\d'
/home/airflow/.local/lib/python3.12/site-packages/azure/mgmt/datafactory/models/_models_py3.py:22018 SyntaxWarning
: invalid escape sequence '\d'
/home/airflow/.local/lib/python3.12/site-packages/azure/mgmt/datafactory/models/_models_py3.py:22324 SyntaxWarning
: invalid escape sequence '\d'
/home/airflow/.local/lib/python3.12/site-packages/azure/mgmt/datafactory/models/_models_py3.py:22390 SyntaxWarning
: invalid escape sequence '\d'
/home/airflow/.local/lib/python3.12/site-packages/azure/mgmt/datafactory/models/_models_py3.py:22435 SyntaxWarning
: invalid escape sequence '\d'
/home/airflow/.local/lib/python3.12/site-packages/azure/mgmt/datafactory/models/_models_py3.py:22500 SyntaxWarning
: invalid escape sequence '\d'
/home/airflow/.local/lib/python3.12/site-packages/azure/mgmt/datafactory/models/_models_py3.py:22636 SyntaxWarning
: invalid escape sequence '\d'
/home/airflow/.local/lib/python3.12/site-packages/azure/mgmt/datafactory/models/_models_py3.py:22697 SyntaxWarning
: invalid escape sequence '\d'
/home/airflow/.local/lib/python3.12/site-packages/azure/mgmt/datafactory/models/_models_py3.py:23166 SyntaxWarning
: invalid escape sequence '\d'
/home/airflow/.local/lib/python3.12/site-packages/azure/mgmt/datafactory/models/_models_py3.py:23234 SyntaxWarning
: invalid escape sequence '\d'
/home/airflow/.local/lib/python3.12/site-packages/azure/mgmt/datafactory/models/_models_py3.py:23579 SyntaxWarning
: invalid escape sequence '\d'
/home/airflow/.local/lib/python3.12/site-packages/azure/mgmt/datafactory/models/_models_py3.py:23651 SyntaxWarning
: invalid escape sequence '\d'
/home/airflow/.local/lib/python3.12/site-packages/azure/mgmt/datafactory/models/_models_py3.py:23700 SyntaxWarning
: invalid escape sequence '\d'
/home/airflow/.local/lib/python3.12/site-packages/azure/mgmt/datafactory/models/_models_py3.py:23756 SyntaxWarning
: invalid escape sequence '\d'
/home/airflow/.local/lib/python3.12/site-packages/azure/mgmt/datafactory/models/_models_py3.py:24097 SyntaxWarning
: invalid escape sequence '\d'
/home/airflow/.local/lib/python3.12/site-packages/azure/mgmt/datafactory/models/_models_py3.py:24169 SyntaxWarning
: invalid escape sequence '\d'
/home/airflow/.local/lib/python3.12/site-packages/azure/mgmt/datafactory/models/_models_py3.py:24218 SyntaxWarning
: invalid escape sequence '\d'
/home/airflow/.local/lib/python3.12/site-packages/azure/mgmt/datafactory/models/_models_py3.py:24274 SyntaxWarning
: invalid escape sequence '\d'
/home/airflow/.local/lib/python3.12/site-packages/azure/mgmt/datafactory/models/_models_py3.py:24543 SyntaxWarning
: invalid escape sequence '\d'
/home/airflow/.local/lib/python3.12/site-packages/azure/mgmt/datafactory/models/_models_py3.py:24604 SyntaxWarning
: invalid escape sequence '\d'
/home/airflow/.local/lib/python3.12/site-packages/azure/mgmt/datafactory/models/_models_py3.py:24931 SyntaxWarning
: invalid escape sequence '\d'
/home/airflow/.local/lib/python3.12/site-packages/azure/mgmt/datafactory/models/_models_py3.py:24986 SyntaxWarning
: invalid escape sequence '\d'
/home/airflow/.local/lib/python3.12/site-packages/azure/mgmt/datafactory/models/_models_py3.py:27411 SyntaxWarning
: invalid escape sequence '\d'
/home/airflow/.local/lib/python3.12/site-packages/azure/mgmt/datafactory/models/_models_py3.py:27471 SyntaxWarning
: invalid escape sequence '\d'
/home/airflow/.local/lib/python3.12/site-packages/azure/mgmt/datafactory/models/_models_py3.py:27511 SyntaxWarning
: invalid escape sequence '\d'
/home/airflow/.local/lib/python3.12/site-packages/azure/mgmt/datafactory/models/_models_py3.py:27567 SyntaxWarning
: invalid escape sequence '\d'
/home/airflow/.local/lib/python3.12/site-packages/azure/mgmt/datafactory/models/_models_py3.py:28978 SyntaxWarning
: invalid escape sequence '\d'
/home/airflow/.local/lib/python3.12/site-packages/azure/mgmt/datafactory/models/_models_py3.py:29039 SyntaxWarning
: invalid escape sequence '\d'
/home/airflow/.local/lib/python3.12/site-packages/azure/mgmt/datafactory/models/_models_py3.py:29393 SyntaxWarning
: invalid escape sequence '\d'
/home/airflow/.local/lib/python3.12/site-packages/azure/mgmt/datafactory/models/_models_py3.py:29454 SyntaxWarning
: invalid escape sequence '\d'
/home/airflow/.local/lib/python3.12/site-packages/azure/mgmt/datafactory/models/_models_py3.py:29742 SyntaxWarning
: invalid escape sequence '\d'
/home/airflow/.local/lib/python3.12/site-packages/azure/mgmt/datafactory/models/_models_py3.py:29803 SyntaxWarning
: invalid escape sequence '\d'
/home/airflow/.local/lib/python3.12/site-packages/azure/mgmt/datafactory/models/_models_py3.py:30348 SyntaxWarning
: invalid escape sequence '\d'
/home/airflow/.local/lib/python3.12/site-packages/azure/mgmt/datafactory/models/_models_py3.py:30409 SyntaxWarning
: invalid escape sequence '\d'
/home/airflow/.local/lib/python3.12/site-packages/azure/mgmt/datafactory/models/_models_py3.py:30838 SyntaxWarning
: invalid escape sequence '\d'
/home/airflow/.local/lib/python3.12/site-packages/azure/mgmt/datafactory/models/_models_py3.py:30899 SyntaxWarning
: invalid escape sequence '\d'
/home/airflow/.local/lib/python3.12/site-packages/azure/mgmt/datafactory/models/_models_py3.py:31252 SyntaxWarning
: invalid escape sequence '\d'
/home/airflow/.local/lib/python3.12/site-packages/azure/mgmt/datafactory/models/_models_py3.py:31307 SyntaxWarning
: invalid escape sequence '\d'
/home/airflow/.local/lib/python3.12/site-packages/azure/mgmt/datafactory/models/_models_py3.py:33041 SyntaxWarning
: invalid escape sequence '\d'
/home/airflow/.local/lib/python3.12/site-packages/azure/mgmt/datafactory/models/_models_py3.py:33102 SyntaxWarning
: invalid escape sequence '\d'
/home/airflow/.local/lib/python3.12/site-packages/azure/mgmt/datafactory/models/_models_py3.py:33619 SyntaxWarning
: invalid escape sequence '\d'
/home/airflow/.local/lib/python3.12/site-packages/azure/mgmt/datafactory/models/_models_py3.py:33672 SyntaxWarning
: invalid escape sequence '\d'
/home/airflow/.local/lib/python3.12/site-packages/azure/mgmt/datafactory/models/_models_py3.py:33947 SyntaxWarning
: invalid escape sequence '\d'
/home/airflow/.local/lib/python3.12/site-packages/azure/mgmt/datafactory/models/_models_py3.py:34008 SyntaxWarning
: invalid escape sequence '\d'
/home/airflow/.local/lib/python3.12/site-packages/azure/mgmt/datafactory/models/_models_py3.py:34457 SyntaxWarning
: invalid escape sequence '\d'
/home/airflow/.local/lib/python3.12/site-packages/azure/mgmt/datafactory/models/_models_py3.py:34518 SyntaxWarning
: invalid escape sequence '\d'
/home/airflow/.local/lib/python3.12/site-packages/azure/mgmt/datafactory/models/_models_py3.py:34683 SyntaxWarning
: invalid escape sequence '\d'
/home/airflow/.local/lib/python3.12/site-packages/azure/mgmt/datafactory/models/_models_py3.py:34744 SyntaxWarning
: invalid escape sequence '\d'
/home/airflow/.local/lib/python3.12/site-packages/azure/mgmt/datafactory/models/_models_py3.py:34785 SyntaxWarning
: invalid escape sequence '\d'
/home/airflow/.local/lib/python3.12/site-packages/azure/mgmt/datafactory/models/_models_py3.py:34845 SyntaxWarning
: invalid escape sequence '\d'
/home/airflow/.local/lib/python3.12/site-packages/azure/mgmt/datafactory/models/_models_py3.py:36454 SyntaxWarning
: invalid escape sequence '\d'
/home/airflow/.local/lib/python3.12/site-packages/azure/mgmt/datafactory/models/_models_py3.py:36515 SyntaxWarning
: invalid escape sequence '\d'
/home/airflow/.local/lib/python3.12/site-packages/azure/mgmt/datafactory/models/_models_py3.py:36830 SyntaxWarning
: invalid escape sequence '\d'
/home/airflow/.local/lib/python3.12/site-packages/azure/mgmt/datafactory/models/_models_py3.py:36894 SyntaxWarning
: invalid escape sequence '\d'
/home/airflow/.local/lib/python3.12/site-packages/azure/mgmt/datafactory/models/_models_py3.py:36937 SyntaxWarning
: invalid escape sequence '\d'
/home/airflow/.local/lib/python3.12/site-packages/azure/mgmt/datafactory/models/_models_py3.py:36996 SyntaxWarning
: invalid escape sequence '\d'
/home/airflow/.local/lib/python3.12/site-packages/azure/mgmt/datafactory/models/_models_py3.py:37525 SyntaxWarning
: invalid escape sequence '\d'
/home/airflow/.local/lib/python3.12/site-packages/azure/mgmt/datafactory/models/_models_py3.py:37597 SyntaxWarning
: invalid escape sequence '\d'
/home/airflow/.local/lib/python3.12/site-packages/azure/mgmt/datafactory/models/_models_py3.py:37647 SyntaxWarning
: invalid escape sequence '\d'
/home/airflow/.local/lib/python3.12/site-packages/azure/mgmt/datafactory/models/_models_py3.py:37708 SyntaxWarning
: invalid escape sequence '\d'
/home/airflow/.local/lib/python3.12/site-packages/azure/mgmt/datafactory/models/_models_py3.py:38653 SyntaxWarning
: invalid escape sequence '\d'
/home/airflow/.local/lib/python3.12/site-packages/azure/mgmt/datafactory/models/_models_py3.py:38714 SyntaxWarning
: invalid escape sequence '\d'
/home/airflow/.local/lib/python3.12/site-packages/azure/mgmt/datafactory/models/_models_py3.py:40144 SyntaxWarning
: invalid escape sequence '\d'
/home/airflow/.local/lib/python3.12/site-packages/azure/mgmt/datafactory/models/_models_py3.py:40205 SyntaxWarning
: invalid escape sequence '\d'
/home/airflow/.local/lib/python3.12/site-packages/azure/mgmt/datafactory/models/_models_py3.py:40579 SyntaxWarning
: invalid escape sequence '\d'
/home/airflow/.local/lib/python3.12/site-packages/azure/mgmt/datafactory/models/_models_py3.py:40640 SyntaxWarning
: invalid escape sequence '\d'
/home/airflow/.local/lib/python3.12/site-packages/azure/mgmt/datafactory/models/_models_py3.py:40831 SyntaxWarning
: invalid escape sequence '\d'
/home/airflow/.local/lib/python3.12/site-packages/azure/mgmt/datafactory/models/_models_py3.py:40892 SyntaxWarning
: invalid escape sequence '\d'
/home/airflow/.local/lib/python3.12/site-packages/azure/mgmt/datafactory/models/_models_py3.py:40933 SyntaxWarning
: invalid escape sequence '\d'
/home/airflow/.local/lib/python3.12/site-packages/azure/mgmt/datafactory/models/_models_py3.py:40988 SyntaxWarning
: invalid escape sequence '\d'
/home/airflow/.local/lib/python3.12/site-packages/azure/mgmt/datafactory/models/_models_py3.py:41331 SyntaxWarning
: invalid escape sequence '\d'
/home/airflow/.local/lib/python3.12/site-packages/azure/mgmt/datafactory/models/_models_py3.py:41393 SyntaxWarning
: invalid escape sequence '\d'
/home/airflow/.local/lib/python3.12/site-packages/azure/mgmt/datafactory/models/_models_py3.py:41435 SyntaxWarning
: invalid escape sequence '\d'
/home/airflow/.local/lib/python3.12/site-packages/azure/mgmt/datafactory/models/_models_py3.py:41508 SyntaxWarning
: invalid escape sequence '\d'
/home/airflow/.local/lib/python3.12/site-packages/azure/mgmt/datafactory/models/_models_py3.py:41892 SyntaxWarning
: invalid escape sequence '\d'
/home/airflow/.local/lib/python3.12/site-packages/azure/mgmt/datafactory/models/_models_py3.py:41948 SyntaxWarning
: invalid escape sequence '\d'
/home/airflow/.local/lib/python3.12/site-packages/azure/mgmt/datafactory/models/_models_py3.py:42179 SyntaxWarning
: invalid escape sequence '\d'
/home/airflow/.local/lib/python3.12/site-packages/azure/mgmt/datafactory/models/_models_py3.py:42241 SyntaxWarning
: invalid escape sequence '\d'
/home/airflow/.local/lib/python3.12/site-packages/azure/mgmt/datafactory/models/_models_py3.py:42283 SyntaxWarning
: invalid escape sequence '\d'
/home/airflow/.local/lib/python3.12/site-packages/azure/mgmt/datafactory/models/_models_py3.py:42356 SyntaxWarning
: invalid escape sequence '\d'
/home/airflow/.local/lib/python3.12/site-packages/azure/mgmt/datafactory/models/_models_py3.py:42556 SyntaxWarning
: invalid escape sequence '\d'
/home/airflow/.local/lib/python3.12/site-packages/azure/mgmt/datafactory/models/_models_py3.py:42616 SyntaxWarning
: invalid escape sequence '\d'
/home/airflow/.local/lib/python3.12/site-packages/azure/mgmt/datafactory/models/_models_py3.py:42899 SyntaxWarning
: invalid escape sequence '\d'
/home/airflow/.local/lib/python3.12/site-packages/azure/mgmt/datafactory/models/_models_py3.py:42969 SyntaxWarning
: invalid escape sequence '\d'
/home/airflow/.local/lib/python3.12/site-packages/azure/mgmt/datafactory/models/_models_py3.py:43484 SyntaxWarning
: invalid escape sequence '\d'
/home/airflow/.local/lib/python3.12/site-packages/azure/mgmt/datafactory/models/_models_py3.py:43547 SyntaxWarning
: invalid escape sequence '\d'
/home/airflow/.local/lib/python3.12/site-packages/azure/mgmt/datafactory/models/_models_py3.py:43712 SyntaxWarning
: invalid escape sequence '\d'
/home/airflow/.local/lib/python3.12/site-packages/azure/mgmt/datafactory/models/_models_py3.py:43773 SyntaxWarning
: invalid escape sequence '\d'
/home/airflow/.local/lib/python3.12/site-packages/azure/mgmt/datafactory/models/_models_py3.py:43814 SyntaxWarning
: invalid escape sequence '\d'
/home/airflow/.local/lib/python3.12/site-packages/azure/mgmt/datafactory/models/_models_py3.py:43874 SyntaxWarning
: invalid escape sequence '\d'
/home/airflow/.local/lib/python3.12/site-packages/azure/mgmt/datafactory/models/_models_py3.py:44244 SyntaxWarning
: invalid escape sequence '\d'
/home/airflow/.local/lib/python3.12/site-packages/azure/mgmt/datafactory/models/_models_py3.py:44321 SyntaxWarning
: invalid escape sequence '\d'
/home/airflow/.local/lib/python3.12/site-packages/azure/mgmt/datafactory/models/_models_py3.py:45435 SyntaxWarning
: invalid escape sequence '\d'
/home/airflow/.local/lib/python3.12/site-packages/azure/mgmt/datafactory/models/_models_py3.py:45496 SyntaxWarning
: invalid escape sequence '\d'
/home/airflow/.local/lib/python3.12/site-packages/azure/mgmt/datafactory/models/_models_py3.py:45537 SyntaxWarning
: invalid escape sequence '\d'
/home/airflow/.local/lib/python3.12/site-packages/azure/mgmt/datafactory/models/_models_py3.py:45598 SyntaxWarning
: invalid escape sequence '\d'
/home/airflow/.local/lib/python3.12/site-packages/azure/mgmt/datafactory/models/_models_py3.py:45639 SyntaxWarning
: invalid escape sequence '\d'
/home/airflow/.local/lib/python3.12/site-packages/azure/mgmt/datafactory/models/_models_py3.py:45709 SyntaxWarning
: invalid escape sequence '\d'
/home/airflow/.local/lib/python3.12/site-packages/azure/mgmt/datafactory/models/_models_py3.py:46041 SyntaxWarning
: invalid escape sequence '\d'
/home/airflow/.local/lib/python3.12/site-packages/azure/mgmt/datafactory/models/_models_py3.py:46105 SyntaxWarning
: invalid escape sequence '\d'
/home/airflow/.local/lib/python3.12/site-packages/azure/mgmt/datafactory/models/_models_py3.py:46148 SyntaxWarning
: invalid escape sequence '\d'
/home/airflow/.local/lib/python3.12/site-packages/azure/mgmt/datafactory/models/_models_py3.py:46203 SyntaxWarning
: invalid escape sequence '\d'
/home/airflow/.local/lib/python3.12/site-packages/azure/mgmt/datafactory/models/_models_py3.py:46588 SyntaxWarning
: invalid escape sequence '\d'
/home/airflow/.local/lib/python3.12/site-packages/azure/mgmt/datafactory/models/_models_py3.py:46652 SyntaxWarning
: invalid escape sequence '\d'
/home/airflow/.local/lib/python3.12/site-packages/azure/mgmt/datafactory/models/_models_py3.py:46695 SyntaxWarning
: invalid escape sequence '\d'
/home/airflow/.local/lib/python3.12/site-packages/azure/mgmt/datafactory/models/_models_py3.py:46754 SyntaxWarning
: invalid escape sequence '\d'
/home/airflow/.local/lib/python3.12/site-packages/azure/mgmt/datafactory/models/_models_py3.py:47079 SyntaxWarning
: invalid escape sequence '\d'
/home/airflow/.local/lib/python3.12/site-packages/azure/mgmt/datafactory/models/_models_py3.py:47140 SyntaxWarning
: invalid escape sequence '\d'
/home/airflow/.local/lib/python3.12/site-packages/azure/mgmt/datafactory/models/_models_py3.py:47482 SyntaxWarning
: invalid escape sequence '\d'
/home/airflow/.local/lib/python3.12/site-packages/azure/mgmt/datafactory/models/_models_py3.py:47543 SyntaxWarning
: invalid escape sequence '\d'
/home/airflow/.local/lib/python3.12/site-packages/azure/mgmt/datafactory/models/_models_py3.py:48231 SyntaxWarning
: invalid escape sequence '\d'
/home/airflow/.local/lib/python3.12/site-packages/azure/mgmt/datafactory/models/_models_py3.py:48291 SyntaxWarning
: invalid escape sequence '\d'
/home/airflow/.local/lib/python3.12/site-packages/azure/mgmt/datafactory/models/_models_py3.py:48679 SyntaxWarning
: invalid escape sequence '\d'
/home/airflow/.local/lib/python3.12/site-packages/azure/mgmt/datafactory/models/_models_py3.py:48739 SyntaxWarning
: invalid escape sequence '\d'
/home/airflow/.local/lib/python3.12/site-packages/azure/mgmt/datafactory/models/_models_py3.py:49390 SyntaxWarning
: invalid escape sequence '\d'
/home/airflow/.local/lib/python3.12/site-packages/azure/mgmt/datafactory/models/_models_py3.py:49451 SyntaxWarning
: invalid escape sequence '\d'
/home/airflow/.local/lib/python3.12/site-packages/azure/mgmt/datafactory/models/_models_py3.py:50196 SyntaxWarning
: invalid escape sequence '\d'
/home/airflow/.local/lib/python3.12/site-packages/azure/mgmt/datafactory/models/_models_py3.py:50257 SyntaxWarning
: invalid escape sequence '\d'
/home/airflow/.local/lib/python3.12/site-packages/azure/mgmt/datafactory/models/_models_py3.py:50502 SyntaxWarning
: invalid escape sequence '\d'
/home/airflow/.local/lib/python3.12/site-packages/azure/mgmt/datafactory/models/_models_py3.py:50557 SyntaxWarning
: invalid escape sequence '\d'
/home/airflow/.local/lib/python3.12/site-packages/azure/mgmt/datafactory/models/_models_py3.py:51076 SyntaxWarning
: invalid escape sequence '\d'
/home/airflow/.local/lib/python3.12/site-packages/azure/mgmt/datafactory/models/_models_py3.py:51137 SyntaxWarning
: invalid escape sequence '\d'
/home/airflow/.local/lib/python3.12/site-packages/azure/mgmt/datafactory/models/_models_py3.py:51552 SyntaxWarning
: invalid escape sequence '\d'
/home/airflow/.local/lib/python3.12/site-packages/azure/mgmt/datafactory/models/_models_py3.py:51635 SyntaxWarning
: invalid escape sequence '\d'
/home/airflow/.local/lib/python3.12/site-packages/azure/mgmt/datafactory/models/_models_py3.py:51694 SyntaxWarning
: invalid escape sequence '\d'
/home/airflow/.local/lib/python3.12/site-packages/azure/mgmt/datafactory/models/_models_py3.py:51776 SyntaxWarning
: invalid escape sequence '\d'
/home/airflow/.local/lib/python3.12/site-packages/azure/mgmt/datafactory/models/_models_py3.py:52399 SyntaxWarning
: invalid escape sequence '\d'
/home/airflow/.local/lib/python3.12/site-packages/azure/mgmt/datafactory/models/_models_py3.py:52460 SyntaxWarning
: invalid escape sequence '\d'
/home/airflow/.local/lib/python3.12/site-packages/azure/mgmt/datafactory/models/_models_py3.py:52839 SyntaxWarning
: invalid escape sequence '\d'
/home/airflow/.local/lib/python3.12/site-packages/azure/mgmt/datafactory/models/_models_py3.py:52914 SyntaxWarning
: invalid escape sequence '\d'
/home/airflow/.local/lib/python3.12/site-packages/azure/mgmt/datafactory/models/_models_py3.py:52968 SyntaxWarning
: invalid escape sequence '\d'
/home/airflow/.local/lib/python3.12/site-packages/azure/mgmt/datafactory/models/_models_py3.py:53028 SyntaxWarning
: invalid escape sequence '\d'
/home/airflow/.local/lib/python3.12/site-packages/azure/mgmt/datafactory/models/_models_py3.py:53304 SyntaxWarning
: invalid escape sequence '\d'
/home/airflow/.local/lib/python3.12/site-packages/azure/mgmt/datafactory/models/_models_py3.py:53379 SyntaxWarning
: invalid escape sequence '\d'
/home/airflow/.local/lib/python3.12/site-packages/azure/mgmt/datafactory/models/_models_py3.py:53433 SyntaxWarning
: invalid escape sequence '\d'
/home/airflow/.local/lib/python3.12/site-packages/azure/mgmt/datafactory/models/_models_py3.py:53493 SyntaxWarning
: invalid escape sequence '\d'
/home/airflow/.local/lib/python3.12/site-packages/azure/mgmt/datafactory/models/_models_py3.py:53533 SyntaxWarning
: invalid escape sequence '\d'
/home/airflow/.local/lib/python3.12/site-packages/azure/mgmt/datafactory/models/_models_py3.py:53608 SyntaxWarning
: invalid escape sequence '\d'
/home/airflow/.local/lib/python3.12/site-packages/azure/mgmt/datafactory/models/_models_py3.py:53662 SyntaxWarning
: invalid escape sequence '\d'
/home/airflow/.local/lib/python3.12/site-packages/azure/mgmt/datafactory/models/_models_py3.py:53727 SyntaxWarning
: invalid escape sequence '\d'
/home/airflow/.local/lib/python3.12/site-packages/azure/mgmt/datafactory/models/_models_py3.py:54007 SyntaxWarning
: invalid escape sequence '\d'
/home/airflow/.local/lib/python3.12/site-packages/azure/mgmt/datafactory/models/_models_py3.py:54082 SyntaxWarning
: invalid escape sequence '\d'
/home/airflow/.local/lib/python3.12/site-packages/azure/mgmt/datafactory/models/_models_py3.py:54136 SyntaxWarning
: invalid escape sequence '\d'
/home/airflow/.local/lib/python3.12/site-packages/azure/mgmt/datafactory/models/_models_py3.py:54201 SyntaxWarning
: invalid escape sequence '\d'
/home/airflow/.local/lib/python3.12/site-packages/azure/mgmt/datafactory/models/_models_py3.py:54462 SyntaxWarning
: invalid escape sequence '\d'
/home/airflow/.local/lib/python3.12/site-packages/azure/mgmt/datafactory/models/_models_py3.py:54522 SyntaxWarning
: invalid escape sequence '\d'
/home/airflow/.local/lib/python3.12/site-packages/azure/mgmt/datafactory/models/_models_py3.py:54773 SyntaxWarning
: invalid escape sequence '\d'
/home/airflow/.local/lib/python3.12/site-packages/azure/mgmt/datafactory/models/_models_py3.py:54842 SyntaxWarning
: invalid escape sequence '\d'
/home/airflow/.local/lib/python3.12/site-packages/azure/mgmt/datafactory/models/_models_py3.py:54890 SyntaxWarning
: invalid escape sequence '\d'
/home/airflow/.local/lib/python3.12/site-packages/azure/mgmt/datafactory/models/_models_py3.py:54958 SyntaxWarning
: invalid escape sequence '\d'
/home/airflow/.local/lib/python3.12/site-packages/azure/mgmt/datafactory/models/_models_py3.py:55216 SyntaxWarning
: invalid escape sequence '\d'
/home/airflow/.local/lib/python3.12/site-packages/azure/mgmt/datafactory/models/_models_py3.py:55284 SyntaxWarning
: invalid escape sequence '\d'
/home/airflow/.local/lib/python3.12/site-packages/azure/mgmt/datafactory/models/_models_py3.py:55472 SyntaxWarning
: invalid escape sequence '\d'
/home/airflow/.local/lib/python3.12/site-packages/azure/mgmt/datafactory/models/_models_py3.py:55546 SyntaxWarning
: invalid escape sequence '\d'
/home/airflow/.local/lib/python3.12/site-packages/azure/mgmt/datafactory/models/_models_py3.py:56056 SyntaxWarning
: invalid escape sequence '\d'
/home/airflow/.local/lib/python3.12/site-packages/azure/mgmt/datafactory/models/_models_py3.py:56132 SyntaxWarning
: invalid escape sequence '\d'
/home/airflow/.local/lib/python3.12/site-packages/azure/mgmt/datafactory/models/_models_py3.py:56354 SyntaxWarning
: invalid escape sequence '\d'
/home/airflow/.local/lib/python3.12/site-packages/azure/mgmt/datafactory/models/_models_py3.py:56432 SyntaxWarning
: invalid escape sequence '\d'
/home/airflow/.local/lib/python3.12/site-packages/azure/mgmt/datafactory/models/_models_py3.py:56988 SyntaxWarning
: invalid escape sequence '\d'
/home/airflow/.local/lib/python3.12/site-packages/azure/mgmt/datafactory/models/_models_py3.py:57091 SyntaxWarning
: invalid escape sequence '\d'
/home/airflow/.local/lib/python3.12/site-packages/azure/mgmt/datafactory/models/_models_py3.py:57358 SyntaxWarning
: invalid escape sequence '\d'
/home/airflow/.local/lib/python3.12/site-packages/azure/mgmt/datafactory/models/_models_py3.py:57434 SyntaxWarning
: invalid escape sequence '\d'
/home/airflow/.local/lib/python3.12/site-packages/azure/mgmt/datafactory/models/_models_py3.py:58345 SyntaxWarning
: invalid escape sequence '\d'
/home/airflow/.local/lib/python3.12/site-packages/azure/mgmt/datafactory/models/_models_py3.py:58406 SyntaxWarning
: invalid escape sequence '\d'
/home/airflow/.local/lib/python3.12/site-packages/azure/mgmt/datafactory/models/_models_py3.py:58686 SyntaxWarning
: invalid escape sequence '\d'
/home/airflow/.local/lib/python3.12/site-packages/azure/mgmt/datafactory/models/_models_py3.py:58746 SyntaxWarning
: invalid escape sequence '\d'
/home/airflow/.local/lib/python3.12/site-packages/azure/mgmt/datafactory/models/_models_py3.py:59712 SyntaxWarning
: invalid escape sequence '\d'
/home/airflow/.local/lib/python3.12/site-packages/azure/mgmt/datafactory/models/_models_py3.py:59769 SyntaxWarning
: invalid escape sequence '\d'
/home/airflow/.local/lib/python3.12/site-packages/azure/mgmt/datafactory/models/_models_py3.py:60031 SyntaxWarning
: invalid escape sequence '\d'
/home/airflow/.local/lib/python3.12/site-packages/azure/mgmt/datafactory/models/_models_py3.py:60092 SyntaxWarning
: invalid escape sequence '\d'
/home/airflow/.local/lib/python3.12/site-packages/azure/mgmt/datafactory/models/_models_py3.py:60579 SyntaxWarning
: invalid escape sequence '\d'
/home/airflow/.local/lib/python3.12/site-packages/azure/mgmt/datafactory/models/_models_py3.py:60644 SyntaxWarning
: invalid escape sequence '\d'
/home/airflow/.local/lib/python3.12/site-packages/azure/mgmt/datafactory/models/_models_py3.py:60688 SyntaxWarning
: invalid escape sequence '\d'
/home/airflow/.local/lib/python3.12/site-packages/azure/mgmt/datafactory/models/_models_py3.py:60743 SyntaxWarning
: invalid escape sequence '\d'
/home/airflow/.local/lib/python3.12/site-packages/azure/mgmt/datafactory/models/_models_py3.py:61069 SyntaxWarning
: invalid escape sequence '\d'
/home/airflow/.local/lib/python3.12/site-packages/azure/mgmt/datafactory/models/_models_py3.py:61134 SyntaxWarning
: invalid escape sequence '\d'
/home/airflow/.local/lib/python3.12/site-packages/azure/mgmt/datafactory/models/_models_py3.py:61178 SyntaxWarning
: invalid escape sequence '\d'
/home/airflow/.local/lib/python3.12/site-packages/azure/mgmt/datafactory/models/_models_py3.py:61233 SyntaxWarning
: invalid escape sequence '\d'
/home/airflow/.local/lib/python3.12/site-packages/azure/mgmt/datafactory/models/_models_py3.py:61621 SyntaxWarning
: invalid escape sequence '\d'
/home/airflow/.local/lib/python3.12/site-packages/azure/mgmt/datafactory/models/_models_py3.py:61682 SyntaxWarning
: invalid escape sequence '\d'
/home/airflow/.local/lib/python3.12/site-packages/azure/mgmt/datafactory/models/_models_py3.py:61785 SyntaxWarning
: invalid escape sequence '\d'
/home/airflow/.local/lib/python3.12/site-packages/azure/mgmt/datafactory/models/_models_py3.py:61884 SyntaxWarning
: invalid escape sequence '\d'
/home/airflow/.local/lib/python3.12/site-packages/azure/mgmt/datafactory/models/_models_py3.py:61955 SyntaxWarning
: invalid escape sequence '\d'
/home/airflow/.local/lib/python3.12/site-packages/azure/mgmt/datafactory/models/_models_py3.py:62044 SyntaxWarning
: invalid escape sequence '\d'
/home/airflow/.local/lib/python3.12/site-packages/azure/mgmt/datafactory/models/_models_py3.py:62140 SyntaxWarning
: invalid escape sequence '\d'
/home/airflow/.local/lib/python3.12/site-packages/azure/mgmt/datafactory/models/_models_py3.py:62242 SyntaxWarning
: invalid escape sequence '\d'
/home/airflow/.local/lib/python3.12/site-packages/azure/mgmt/datafactory/models/_models_py3.py:62313 SyntaxWarning
: invalid escape sequence '\d'
/home/airflow/.local/lib/python3.12/site-packages/azure/mgmt/datafactory/models/_models_py3.py:62404 SyntaxWarning
: invalid escape sequence '\d'
/home/airflow/.local/lib/python3.12/site-packages/azure/mgmt/datafactory/models/_models_py3.py:62640 SyntaxWarning
: invalid escape sequence '\d'
/home/airflow/.local/lib/python3.12/site-packages/azure/mgmt/datafactory/models/_models_py3.py:62742 SyntaxWarning
: invalid escape sequence '\d'
/home/airflow/.local/lib/python3.12/site-packages/azure/mgmt/datafactory/models/_models_py3.py:62813 SyntaxWarning
: invalid escape sequence '\d'
/home/airflow/.local/lib/python3.12/site-packages/azure/mgmt/datafactory/models/_models_py3.py:62904 SyntaxWarning
: invalid escape sequence '\d'
/home/airflow/.local/lib/python3.12/site-packages/azure/mgmt/datafactory/models/_models_py3.py:63213 SyntaxWarning
: invalid escape sequence '\d'
/home/airflow/.local/lib/python3.12/site-packages/azure/mgmt/datafactory/models/_models_py3.py:63315 SyntaxWarning
: invalid escape sequence '\d'
/home/airflow/.local/lib/python3.12/site-packages/azure/mgmt/datafactory/models/_models_py3.py:63386 SyntaxWarning
: invalid escape sequence '\d'
/home/airflow/.local/lib/python3.12/site-packages/azure/mgmt/datafactory/models/_models_py3.py:63473 SyntaxWarning
: invalid escape sequence '\d'
/home/airflow/.local/lib/python3.12/site-packages/azure/mgmt/datafactory/models/_models_py3.py:63827 SyntaxWarning
: invalid escape sequence '\d'
/home/airflow/.local/lib/python3.12/site-packages/azure/mgmt/datafactory/models/_models_py3.py:63888 SyntaxWarning
: invalid escape sequence '\d'
/home/airflow/.local/lib/python3.12/site-packages/azure/mgmt/datafactory/models/_models_py3.py:64318 SyntaxWarning
: invalid escape sequence '\d'
/home/airflow/.local/lib/python3.12/site-packages/azure/mgmt/datafactory/models/_models_py3.py:64356 SyntaxWarning
: invalid escape sequence '\d'
/home/airflow/.local/lib/python3.12/site-packages/azure/mgmt/datafactory/models/_models_py3.py:65278 SyntaxWarning
: invalid escape sequence '\d'
/home/airflow/.local/lib/python3.12/site-packages/azure/mgmt/datafactory/models/_models_py3.py:65338 SyntaxWarning
: invalid escape sequence '\d'
/home/airflow/.local/lib/python3.12/site-packages/azure/mgmt/datafactory/models/_models_py3.py:66505 SyntaxWarning
: invalid escape sequence '\d'
/home/airflow/.local/lib/python3.12/site-packages/azure/mgmt/datafactory/models/_models_py3.py:66574 SyntaxWarning
: invalid escape sequence '\d'
/home/airflow/.local/lib/python3.12/site-packages/azure/mgmt/datafactory/models/_models_py3.py:67257 SyntaxWarning
: invalid escape sequence '\d'
/home/airflow/.local/lib/python3.12/site-packages/azure/mgmt/datafactory/models/_models_py3.py:67349 SyntaxWarning
: invalid escape sequence '\d'
/home/airflow/.local/lib/python3.12/site-packages/azure/mgmt/datafactory/models/_models_py3.py:67617 SyntaxWarning
: invalid escape sequence '\d'
/home/airflow/.local/lib/python3.12/site-packages/azure/mgmt/datafactory/models/_models_py3.py:67690 SyntaxWarning
: invalid escape sequence '\d'
/home/airflow/.local/lib/python3.12/site-packages/azure/mgmt/datafactory/models/_models_py3.py:67896 SyntaxWarning
: invalid escape sequence '\d'
/home/airflow/.local/lib/python3.12/site-packages/azure/mgmt/datafactory/models/_models_py3.py:67978 SyntaxWarning
: invalid escape sequence '\d'
/home/airflow/.local/lib/python3.12/site-packages/azure/mgmt/datafactory/models/_models_py3.py:68160 SyntaxWarning
: invalid escape sequence '\d'
/home/airflow/.local/lib/python3.12/site-packages/azure/mgmt/datafactory/models/_models_py3.py:68221 SyntaxWarning
: invalid escape sequence '\d'
/home/airflow/.local/lib/python3.12/site-packages/azure/mgmt/datafactory/models/_models_py3.py:68640 SyntaxWarning
: invalid escape sequence '\d'
/home/airflow/.local/lib/python3.12/site-packages/azure/mgmt/datafactory/models/_models_py3.py:68721 SyntaxWarning
: invalid escape sequence '\d'
/home/airflow/.local/lib/python3.12/site-packages/azure/mgmt/datafactory/models/_models_py3.py:68778 SyntaxWarning
: invalid escape sequence '\d'
/home/airflow/.local/lib/python3.12/site-packages/azure/mgmt/datafactory/models/_models_py3.py:68867 SyntaxWarning
: invalid escape sequence '\d'
/home/airflow/.local/lib/python3.12/site-packages/azure/mgmt/datafactory/models/_models_py3.py:69498 SyntaxWarning
: invalid escape sequence '\d'
/home/airflow/.local/lib/python3.12/site-packages/azure/mgmt/datafactory/models/_models_py3.py:69595 SyntaxWarning
: invalid escape sequence '\d'
/home/airflow/.local/lib/python3.12/site-packages/azure/mgmt/datafactory/models/_models_py3.py:69737 SyntaxWarning
: invalid escape sequence '\d'
/home/airflow/.local/lib/python3.12/site-packages/azure/mgmt/datafactory/models/_models_py3.py:69788 SyntaxWarning
: invalid escape sequence '\d'
/home/airflow/.local/lib/python3.12/site-packages/azure/mgmt/datafactory/models/_models_py3.py:70246 SyntaxWarning
: invalid escape sequence '\d'
/home/airflow/.local/lib/python3.12/site-packages/azure/mgmt/datafactory/models/_models_py3.py:70307 SyntaxWarning
: invalid escape sequence '\d'
/home/airflow/.local/lib/python3.12/site-packages/azure/mgmt/datafactory/models/_models_py3.py:70563 SyntaxWarning
: invalid escape sequence '\d'
/home/airflow/.local/lib/python3.12/site-packages/azure/mgmt/datafactory/models/_models_py3.py:70622 SyntaxWarning
: invalid escape sequence '\d'
/home/airflow/.local/lib/python3.12/site-packages/azure/mgmt/datafactory/models/_models_py3.py:71055 SyntaxWarning
: invalid escape sequence '\d'
/home/airflow/.local/lib/python3.12/site-packages/azure/mgmt/datafactory/models/_models_py3.py:71116 SyntaxWarning
: invalid escape sequence '\d'
/home/airflow/.local/lib/python3.12/site-packages/azure/synapse/artifacts/models/_models_py3.py:175 SyntaxWarning:
 invalid escape sequence '\d'
/home/airflow/.local/lib/python3.12/site-packages/azure/synapse/artifacts/models/_models_py3.py:222 SyntaxWarning:
 invalid escape sequence '\d'
/home/airflow/.local/lib/python3.12/site-packages/azure/synapse/artifacts/models/_models_py3.py:1130 SyntaxWarning
: invalid escape sequence '\d'
/home/airflow/.local/lib/python3.12/site-packages/azure/synapse/artifacts/models/_models_py3.py:1223 SyntaxWarning
: invalid escape sequence '\d'
/home/airflow/.local/lib/python3.12/site-packages/azure/synapse/artifacts/models/_models_py3.py:1246 SyntaxWarning
: invalid escape sequence '\d'
/home/airflow/.local/lib/python3.12/site-packages/azure/synapse/artifacts/models/_models_py3.py:1374 SyntaxWarning
: invalid escape sequence '\d'
/home/airflow/.local/lib/python3.12/site-packages/azure/synapse/artifacts/models/_models_py3.py:1407 SyntaxWarning
: invalid escape sequence '\d'
/home/airflow/.local/lib/python3.12/site-packages/azure/synapse/artifacts/models/_models_py3.py:1463 SyntaxWarning
: invalid escape sequence '\d'
/home/airflow/.local/lib/python3.12/site-packages/azure/synapse/artifacts/models/_models_py3.py:1651 SyntaxWarning
: invalid escape sequence '\d'
/home/airflow/.local/lib/python3.12/site-packages/azure/synapse/artifacts/models/_models_py3.py:1718 SyntaxWarning
: invalid escape sequence '\d'
/home/airflow/.local/lib/python3.12/site-packages/azure/synapse/artifacts/models/_models_py3.py:1993 SyntaxWarning
: invalid escape sequence '\d'
/home/airflow/.local/lib/python3.12/site-packages/azure/synapse/artifacts/models/_models_py3.py:2078 SyntaxWarning
: invalid escape sequence '\d'
/home/airflow/.local/lib/python3.12/site-packages/azure/synapse/artifacts/models/_models_py3.py:2375 SyntaxWarning
: invalid escape sequence '\d'
/home/airflow/.local/lib/python3.12/site-packages/azure/synapse/artifacts/models/_models_py3.py:2436 SyntaxWarning
: invalid escape sequence '\d'
/home/airflow/.local/lib/python3.12/site-packages/azure/synapse/artifacts/models/_models_py3.py:3953 SyntaxWarning
: invalid escape sequence '\d'
/home/airflow/.local/lib/python3.12/site-packages/azure/synapse/artifacts/models/_models_py3.py:4056 SyntaxWarning
: invalid escape sequence '\d'
/home/airflow/.local/lib/python3.12/site-packages/azure/synapse/artifacts/models/_models_py3.py:4087 SyntaxWarning
: invalid escape sequence '\d'
/home/airflow/.local/lib/python3.12/site-packages/azure/synapse/artifacts/models/_models_py3.py:4146 SyntaxWarning
: invalid escape sequence '\d'
/home/airflow/.local/lib/python3.12/site-packages/azure/synapse/artifacts/models/_models_py3.py:4185 SyntaxWarning
: invalid escape sequence '\d'
/home/airflow/.local/lib/python3.12/site-packages/azure/synapse/artifacts/models/_models_py3.py:4235 SyntaxWarning
: invalid escape sequence '\d'
/home/airflow/.local/lib/python3.12/site-packages/azure/synapse/artifacts/models/_models_py3.py:5169 SyntaxWarning
: invalid escape sequence '\d'
/home/airflow/.local/lib/python3.12/site-packages/azure/synapse/artifacts/models/_models_py3.py:5225 SyntaxWarning
: invalid escape sequence '\d'
/home/airflow/.local/lib/python3.12/site-packages/azure/synapse/artifacts/models/_models_py3.py:5262 SyntaxWarning
: invalid escape sequence '\d'
/home/airflow/.local/lib/python3.12/site-packages/azure/synapse/artifacts/models/_models_py3.py:5318 SyntaxWarning
: invalid escape sequence '\d'
/home/airflow/.local/lib/python3.12/site-packages/azure/synapse/artifacts/models/_models_py3.py:6368 SyntaxWarning
: invalid escape sequence '\d'
/home/airflow/.local/lib/python3.12/site-packages/azure/synapse/artifacts/models/_models_py3.py:6428 SyntaxWarning
: invalid escape sequence '\d'
/home/airflow/.local/lib/python3.12/site-packages/azure/synapse/artifacts/models/_models_py3.py:6469 SyntaxWarning
: invalid escape sequence '\d'
/home/airflow/.local/lib/python3.12/site-packages/azure/synapse/artifacts/models/_models_py3.py:6519 SyntaxWarning
: invalid escape sequence '\d'
/home/airflow/.local/lib/python3.12/site-packages/azure/synapse/artifacts/models/_models_py3.py:6954 SyntaxWarning
: invalid escape sequence '\d'
/home/airflow/.local/lib/python3.12/site-packages/azure/synapse/artifacts/models/_models_py3.py:7027 SyntaxWarning
: invalid escape sequence '\d'
/home/airflow/.local/lib/python3.12/site-packages/azure/synapse/artifacts/models/_models_py3.py:7198 SyntaxWarning
: invalid escape sequence '\d'
/home/airflow/.local/lib/python3.12/site-packages/azure/synapse/artifacts/models/_models_py3.py:7264 SyntaxWarning
: invalid escape sequence '\d'
/home/airflow/.local/lib/python3.12/site-packages/azure/synapse/artifacts/models/_models_py3.py:7309 SyntaxWarning
: invalid escape sequence '\d'
/home/airflow/.local/lib/python3.12/site-packages/azure/synapse/artifacts/models/_models_py3.py:7371 SyntaxWarning
: invalid escape sequence '\d'
/home/airflow/.local/lib/python3.12/site-packages/azure/synapse/artifacts/models/_models_py3.py:8153 SyntaxWarning
: invalid escape sequence '\d'
/home/airflow/.local/lib/python3.12/site-packages/azure/synapse/artifacts/models/_models_py3.py:8213 SyntaxWarning
: invalid escape sequence '\d'
/home/airflow/.local/lib/python3.12/site-packages/azure/synapse/artifacts/models/_models_py3.py:8253 SyntaxWarning
: invalid escape sequence '\d'
/home/airflow/.local/lib/python3.12/site-packages/azure/synapse/artifacts/models/_models_py3.py:8299 SyntaxWarning
: invalid escape sequence '\d'
/home/airflow/.local/lib/python3.12/site-packages/azure/synapse/artifacts/models/_models_py3.py:9388 SyntaxWarning
: invalid escape sequence '\d'
/home/airflow/.local/lib/python3.12/site-packages/azure/synapse/artifacts/models/_models_py3.py:9444 SyntaxWarning
: invalid escape sequence '\d'
/home/airflow/.local/lib/python3.12/site-packages/azure/synapse/artifacts/models/_models_py3.py:10445 SyntaxWarnin
g: invalid escape sequence '\d'
/home/airflow/.local/lib/python3.12/site-packages/azure/synapse/artifacts/models/_models_py3.py:10501 SyntaxWarnin
g: invalid escape sequence '\d'
/home/airflow/.local/lib/python3.12/site-packages/azure/synapse/artifacts/models/_models_py3.py:10538 SyntaxWarnin
g: invalid escape sequence '\d'
/home/airflow/.local/lib/python3.12/site-packages/azure/synapse/artifacts/models/_models_py3.py:10593 SyntaxWarnin
g: invalid escape sequence '\d'
/home/airflow/.local/lib/python3.12/site-packages/azure/synapse/artifacts/models/_models_py3.py:10836 SyntaxWarnin
g: invalid escape sequence '\d'
/home/airflow/.local/lib/python3.12/site-packages/azure/synapse/artifacts/models/_models_py3.py:10892 SyntaxWarnin
g: invalid escape sequence '\d'
/home/airflow/.local/lib/python3.12/site-packages/azure/synapse/artifacts/models/_models_py3.py:10929 SyntaxWarnin
g: invalid escape sequence '\d'
/home/airflow/.local/lib/python3.12/site-packages/azure/synapse/artifacts/models/_models_py3.py:10985 SyntaxWarnin
g: invalid escape sequence '\d'
/home/airflow/.local/lib/python3.12/site-packages/azure/synapse/artifacts/models/_models_py3.py:11144 SyntaxWarnin
g: invalid escape sequence '\d'
/home/airflow/.local/lib/python3.12/site-packages/azure/synapse/artifacts/models/_models_py3.py:11195 SyntaxWarnin
g: invalid escape sequence '\d'
/home/airflow/.local/lib/python3.12/site-packages/azure/synapse/artifacts/models/_models_py3.py:11333 SyntaxWarnin
g: invalid escape sequence '\d'
/home/airflow/.local/lib/python3.12/site-packages/azure/synapse/artifacts/models/_models_py3.py:11390 SyntaxWarnin
g: invalid escape sequence '\d'
/home/airflow/.local/lib/python3.12/site-packages/azure/synapse/artifacts/models/_models_py3.py:12213 SyntaxWarnin
g: invalid escape sequence '\d'
/home/airflow/.local/lib/python3.12/site-packages/azure/synapse/artifacts/models/_models_py3.py:12296 SyntaxWarnin
g: invalid escape sequence '\d'
/home/airflow/.local/lib/python3.12/site-packages/azure/synapse/artifacts/models/_models_py3.py:12352 SyntaxWarnin
g: invalid escape sequence '\d'
/home/airflow/.local/lib/python3.12/site-packages/azure/synapse/artifacts/models/_models_py3.py:12437 SyntaxWarnin
g: invalid escape sequence '\d'
/home/airflow/.local/lib/python3.12/site-packages/azure/synapse/artifacts/models/_models_py3.py:12932 SyntaxWarnin
g: invalid escape sequence '\d'
/home/airflow/.local/lib/python3.12/site-packages/azure/synapse/artifacts/models/_models_py3.py:13003 SyntaxWarnin
g: invalid escape sequence '\d'
/home/airflow/.local/lib/python3.12/site-packages/azure/synapse/artifacts/models/_models_py3.py:13052 SyntaxWarnin
g: invalid escape sequence '\d'
/home/airflow/.local/lib/python3.12/site-packages/azure/synapse/artifacts/models/_models_py3.py:13113 SyntaxWarnin
g: invalid escape sequence '\d'
/home/airflow/.local/lib/python3.12/site-packages/azure/synapse/artifacts/models/_models_py3.py:13797 SyntaxWarnin
g: invalid escape sequence '\d'
/home/airflow/.local/lib/python3.12/site-packages/azure/synapse/artifacts/models/_models_py3.py:13852 SyntaxWarnin
g: invalid escape sequence '\d'
/home/airflow/.local/lib/python3.12/site-packages/azure/synapse/artifacts/models/_models_py3.py:13888 SyntaxWarnin
g: invalid escape sequence '\d'
/home/airflow/.local/lib/python3.12/site-packages/azure/synapse/artifacts/models/_models_py3.py:13937 SyntaxWarnin
g: invalid escape sequence '\d'
/home/airflow/.local/lib/python3.12/site-packages/azure/synapse/artifacts/models/_models_py3.py:14229 SyntaxWarnin
g: invalid escape sequence '\d'
/home/airflow/.local/lib/python3.12/site-packages/azure/synapse/artifacts/models/_models_py3.py:14299 SyntaxWarnin
g: invalid escape sequence '\d'
/home/airflow/.local/lib/python3.12/site-packages/azure/synapse/artifacts/models/_models_py3.py:14347 SyntaxWarnin
g: invalid escape sequence '\d'
/home/airflow/.local/lib/python3.12/site-packages/azure/synapse/artifacts/models/_models_py3.py:14403 SyntaxWarnin
g: invalid escape sequence '\d'
/home/airflow/.local/lib/python3.12/site-packages/azure/synapse/artifacts/models/_models_py3.py:14655 SyntaxWarnin
g: invalid escape sequence '\d'
/home/airflow/.local/lib/python3.12/site-packages/azure/synapse/artifacts/models/_models_py3.py:14721 SyntaxWarnin
g: invalid escape sequence '\d'
/home/airflow/.local/lib/python3.12/site-packages/azure/synapse/artifacts/models/_models_py3.py:15326 SyntaxWarnin
g: invalid escape sequence '\d'
/home/airflow/.local/lib/python3.12/site-packages/azure/synapse/artifacts/models/_models_py3.py:15393 SyntaxWarnin
g: invalid escape sequence '\d'
/home/airflow/.local/lib/python3.12/site-packages/azure/synapse/artifacts/models/_models_py3.py:15438 SyntaxWarnin
g: invalid escape sequence '\d'
/home/airflow/.local/lib/python3.12/site-packages/azure/synapse/artifacts/models/_models_py3.py:15489 SyntaxWarnin
g: invalid escape sequence '\d'
/home/airflow/.local/lib/python3.12/site-packages/azure/synapse/artifacts/models/_models_py3.py:15808 SyntaxWarnin
g: invalid escape sequence '\d'
/home/airflow/.local/lib/python3.12/site-packages/azure/synapse/artifacts/models/_models_py3.py:15864 SyntaxWarnin
g: invalid escape sequence '\d'
/home/airflow/.local/lib/python3.12/site-packages/azure/synapse/artifacts/models/_models_py3.py:16528 SyntaxWarnin
g: invalid escape sequence '\d'
/home/airflow/.local/lib/python3.12/site-packages/azure/synapse/artifacts/models/_models_py3.py:16585 SyntaxWarnin
g: invalid escape sequence '\d'
/home/airflow/.local/lib/python3.12/site-packages/azure/synapse/artifacts/models/_models_py3.py:16623 SyntaxWarnin
g: invalid escape sequence '\d'
/home/airflow/.local/lib/python3.12/site-packages/azure/synapse/artifacts/models/_models_py3.py:16691 SyntaxWarnin
g: invalid escape sequence '\d'
/home/airflow/.local/lib/python3.12/site-packages/azure/synapse/artifacts/models/_models_py3.py:16843 SyntaxWarnin
g: invalid escape sequence '\d'
/home/airflow/.local/lib/python3.12/site-packages/azure/synapse/artifacts/models/_models_py3.py:16899 SyntaxWarnin
g: invalid escape sequence '\d'
/home/airflow/.local/lib/python3.12/site-packages/azure/synapse/artifacts/models/_models_py3.py:16936 SyntaxWarnin
g: invalid escape sequence '\d'
/home/airflow/.local/lib/python3.12/site-packages/azure/synapse/artifacts/models/_models_py3.py:17001 SyntaxWarnin
g: invalid escape sequence '\d'
/home/airflow/.local/lib/python3.12/site-packages/azure/synapse/artifacts/models/_models_py3.py:17139 SyntaxWarnin
g: invalid escape sequence '\d'
/home/airflow/.local/lib/python3.12/site-packages/azure/synapse/artifacts/models/_models_py3.py:17195 SyntaxWarnin
g: invalid escape sequence '\d'
/home/airflow/.local/lib/python3.12/site-packages/azure/synapse/artifacts/models/_models_py3.py:20145 SyntaxWarnin
g: invalid escape sequence '\d'
/home/airflow/.local/lib/python3.12/site-packages/azure/synapse/artifacts/models/_models_py3.py:20200 SyntaxWarnin
g: invalid escape sequence '\d'
/home/airflow/.local/lib/python3.12/site-packages/azure/synapse/artifacts/models/_models_py3.py:20773 SyntaxWarnin
g: invalid escape sequence '\d'
/home/airflow/.local/lib/python3.12/site-packages/azure/synapse/artifacts/models/_models_py3.py:20832 SyntaxWarnin
g: invalid escape sequence '\d'
/home/airflow/.local/lib/python3.12/site-packages/azure/synapse/artifacts/models/_models_py3.py:20871 SyntaxWarnin
g: invalid escape sequence '\d'
/home/airflow/.local/lib/python3.12/site-packages/azure/synapse/artifacts/models/_models_py3.py:20925 SyntaxWarnin
g: invalid escape sequence '\d'
/home/airflow/.local/lib/python3.12/site-packages/azure/synapse/artifacts/models/_models_py3.py:21227 SyntaxWarnin
g: invalid escape sequence '\d'
/home/airflow/.local/lib/python3.12/site-packages/azure/synapse/artifacts/models/_models_py3.py:21288 SyntaxWarnin
g: invalid escape sequence '\d'
/home/airflow/.local/lib/python3.12/site-packages/azure/synapse/artifacts/models/_models_py3.py:21329 SyntaxWarnin
g: invalid escape sequence '\d'
/home/airflow/.local/lib/python3.12/site-packages/azure/synapse/artifacts/models/_models_py3.py:21389 SyntaxWarnin
g: invalid escape sequence '\d'
/home/airflow/.local/lib/python3.12/site-packages/azure/synapse/artifacts/models/_models_py3.py:21523 SyntaxWarnin
g: invalid escape sequence '\d'
/home/airflow/.local/lib/python3.12/site-packages/azure/synapse/artifacts/models/_models_py3.py:21579 SyntaxWarnin
g: invalid escape sequence '\d'
/home/airflow/.local/lib/python3.12/site-packages/azure/synapse/artifacts/models/_models_py3.py:22066 SyntaxWarnin
g: invalid escape sequence '\d'
/home/airflow/.local/lib/python3.12/site-packages/azure/synapse/artifacts/models/_models_py3.py:22129 SyntaxWarnin
g: invalid escape sequence '\d'
/home/airflow/.local/lib/python3.12/site-packages/azure/synapse/artifacts/models/_models_py3.py:22470 SyntaxWarnin
g: invalid escape sequence '\d'
/home/airflow/.local/lib/python3.12/site-packages/azure/synapse/artifacts/models/_models_py3.py:22537 SyntaxWarnin
g: invalid escape sequence '\d'
/home/airflow/.local/lib/python3.12/site-packages/azure/synapse/artifacts/models/_models_py3.py:22582 SyntaxWarnin
g: invalid escape sequence '\d'
/home/airflow/.local/lib/python3.12/site-packages/azure/synapse/artifacts/models/_models_py3.py:22633 SyntaxWarnin
g: invalid escape sequence '\d'
/home/airflow/.local/lib/python3.12/site-packages/azure/synapse/artifacts/models/_models_py3.py:22972 SyntaxWarnin
g: invalid escape sequence '\d'
/home/airflow/.local/lib/python3.12/site-packages/azure/synapse/artifacts/models/_models_py3.py:23039 SyntaxWarnin
g: invalid escape sequence '\d'
/home/airflow/.local/lib/python3.12/site-packages/azure/synapse/artifacts/models/_models_py3.py:23084 SyntaxWarnin
g: invalid escape sequence '\d'
/home/airflow/.local/lib/python3.12/site-packages/azure/synapse/artifacts/models/_models_py3.py:23135 SyntaxWarnin
g: invalid escape sequence '\d'
/home/airflow/.local/lib/python3.12/site-packages/azure/synapse/artifacts/models/_models_py3.py:23422 SyntaxWarnin
g: invalid escape sequence '\d'
/home/airflow/.local/lib/python3.12/site-packages/azure/synapse/artifacts/models/_models_py3.py:23478 SyntaxWarnin
g: invalid escape sequence '\d'
/home/airflow/.local/lib/python3.12/site-packages/azure/synapse/artifacts/models/_models_py3.py:23879 SyntaxWarnin
g: invalid escape sequence '\d'
/home/airflow/.local/lib/python3.12/site-packages/azure/synapse/artifacts/models/_models_py3.py:23929 SyntaxWarnin
g: invalid escape sequence '\d'
/home/airflow/.local/lib/python3.12/site-packages/azure/synapse/artifacts/models/_models_py3.py:25198 SyntaxWarnin
g: invalid escape sequence '\d'
/home/airflow/.local/lib/python3.12/site-packages/azure/synapse/artifacts/models/_models_py3.py:25253 SyntaxWarnin
g: invalid escape sequence '\d'
/home/airflow/.local/lib/python3.12/site-packages/azure/synapse/artifacts/models/_models_py3.py:25289 SyntaxWarnin
g: invalid escape sequence '\d'
/home/airflow/.local/lib/python3.12/site-packages/azure/synapse/artifacts/models/_models_py3.py:25340 SyntaxWarnin
g: invalid escape sequence '\d'
/home/airflow/.local/lib/python3.12/site-packages/azure/synapse/artifacts/models/_models_py3.py:26535 SyntaxWarnin
g: invalid escape sequence '\d'
/home/airflow/.local/lib/python3.12/site-packages/azure/synapse/artifacts/models/_models_py3.py:26591 SyntaxWarnin
g: invalid escape sequence '\d'
/home/airflow/.local/lib/python3.12/site-packages/azure/synapse/artifacts/models/_models_py3.py:26933 SyntaxWarnin
g: invalid escape sequence '\d'
/home/airflow/.local/lib/python3.12/site-packages/azure/synapse/artifacts/models/_models_py3.py:26989 SyntaxWarnin
g: invalid escape sequence '\d'
/home/airflow/.local/lib/python3.12/site-packages/azure/synapse/artifacts/models/_models_py3.py:27525 SyntaxWarnin
g: invalid escape sequence '\d'
/home/airflow/.local/lib/python3.12/site-packages/azure/synapse/artifacts/models/_models_py3.py:27581 SyntaxWarnin
g: invalid escape sequence '\d'
/home/airflow/.local/lib/python3.12/site-packages/azure/synapse/artifacts/models/_models_py3.py:28008 SyntaxWarnin
g: invalid escape sequence '\d'
/home/airflow/.local/lib/python3.12/site-packages/azure/synapse/artifacts/models/_models_py3.py:28064 SyntaxWarnin
g: invalid escape sequence '\d'
/home/airflow/.local/lib/python3.12/site-packages/azure/synapse/artifacts/models/_models_py3.py:28404 SyntaxWarnin
g: invalid escape sequence '\d'
/home/airflow/.local/lib/python3.12/site-packages/azure/synapse/artifacts/models/_models_py3.py:28454 SyntaxWarnin
g: invalid escape sequence '\d'
/home/airflow/.local/lib/python3.12/site-packages/azure/synapse/artifacts/models/_models_py3.py:30199 SyntaxWarnin
g: invalid escape sequence '\d'
/home/airflow/.local/lib/python3.12/site-packages/azure/synapse/artifacts/models/_models_py3.py:30255 SyntaxWarnin
g: invalid escape sequence '\d'
/home/airflow/.local/lib/python3.12/site-packages/azure/synapse/artifacts/models/_models_py3.py:30768 SyntaxWarnin
g: invalid escape sequence '\d'
/home/airflow/.local/lib/python3.12/site-packages/azure/synapse/artifacts/models/_models_py3.py:30816 SyntaxWarnin
g: invalid escape sequence '\d'
/home/airflow/.local/lib/python3.12/site-packages/azure/synapse/artifacts/models/_models_py3.py:31089 SyntaxWarnin
g: invalid escape sequence '\d'
/home/airflow/.local/lib/python3.12/site-packages/azure/synapse/artifacts/models/_models_py3.py:31145 SyntaxWarnin
g: invalid escape sequence '\d'
/home/airflow/.local/lib/python3.12/site-packages/azure/synapse/artifacts/models/_models_py3.py:31592 SyntaxWarnin
g: invalid escape sequence '\d'
/home/airflow/.local/lib/python3.12/site-packages/azure/synapse/artifacts/models/_models_py3.py:31648 SyntaxWarnin
g: invalid escape sequence '\d'
/home/airflow/.local/lib/python3.12/site-packages/azure/synapse/artifacts/models/_models_py3.py:31811 SyntaxWarnin
g: invalid escape sequence '\d'
/home/airflow/.local/lib/python3.12/site-packages/azure/synapse/artifacts/models/_models_py3.py:31867 SyntaxWarnin
g: invalid escape sequence '\d'
/home/airflow/.local/lib/python3.12/site-packages/azure/synapse/artifacts/models/_models_py3.py:31904 SyntaxWarnin
g: invalid escape sequence '\d'
/home/airflow/.local/lib/python3.12/site-packages/azure/synapse/artifacts/models/_models_py3.py:31959 SyntaxWarnin
g: invalid escape sequence '\d'
/home/airflow/.local/lib/python3.12/site-packages/azure/synapse/artifacts/models/_models_py3.py:32974 SyntaxWarnin
g: invalid escape sequence '\d'
/home/airflow/.local/lib/python3.12/site-packages/azure/synapse/artifacts/models/_models_py3.py:33030 SyntaxWarnin
g: invalid escape sequence '\d'
/home/airflow/.local/lib/python3.12/site-packages/azure/synapse/artifacts/models/_models_py3.py:33341 SyntaxWarnin
g: invalid escape sequence '\d'
/home/airflow/.local/lib/python3.12/site-packages/azure/synapse/artifacts/models/_models_py3.py:33400 SyntaxWarnin
g: invalid escape sequence '\d'
/home/airflow/.local/lib/python3.12/site-packages/azure/synapse/artifacts/models/_models_py3.py:33439 SyntaxWarnin
g: invalid escape sequence '\d'
/home/airflow/.local/lib/python3.12/site-packages/azure/synapse/artifacts/models/_models_py3.py:33493 SyntaxWarnin
g: invalid escape sequence '\d'
/home/airflow/.local/lib/python3.12/site-packages/azure/synapse/artifacts/models/_models_py3.py:35683 SyntaxWarnin
g: invalid escape sequence '\d'
/home/airflow/.local/lib/python3.12/site-packages/azure/synapse/artifacts/models/_models_py3.py:35739 SyntaxWarnin
g: invalid escape sequence '\d'
/home/airflow/.local/lib/python3.12/site-packages/azure/synapse/artifacts/models/_models_py3.py:36146 SyntaxWarnin
g: invalid escape sequence '\d'
/home/airflow/.local/lib/python3.12/site-packages/azure/synapse/artifacts/models/_models_py3.py:36202 SyntaxWarnin
g: invalid escape sequence '\d'
/home/airflow/.local/lib/python3.12/site-packages/azure/synapse/artifacts/models/_models_py3.py:36574 SyntaxWarnin
g: invalid escape sequence '\d'
/home/airflow/.local/lib/python3.12/site-packages/azure/synapse/artifacts/models/_models_py3.py:36630 SyntaxWarnin
g: invalid escape sequence '\d'
/home/airflow/.local/lib/python3.12/site-packages/azure/synapse/artifacts/models/_models_py3.py:36911 SyntaxWarnin
g: invalid escape sequence '\d'
/home/airflow/.local/lib/python3.12/site-packages/azure/synapse/artifacts/models/_models_py3.py:36967 SyntaxWarnin
g: invalid escape sequence '\d'
/home/airflow/.local/lib/python3.12/site-packages/azure/synapse/artifacts/models/_models_py3.py:37004 SyntaxWarnin
g: invalid escape sequence '\d'
/home/airflow/.local/lib/python3.12/site-packages/azure/synapse/artifacts/models/_models_py3.py:37054 SyntaxWarnin
g: invalid escape sequence '\d'
/home/airflow/.local/lib/python3.12/site-packages/azure/synapse/artifacts/models/_models_py3.py:37393 SyntaxWarnin
g: invalid escape sequence '\d'
/home/airflow/.local/lib/python3.12/site-packages/azure/synapse/artifacts/models/_models_py3.py:37461 SyntaxWarnin
g: invalid escape sequence '\d'
/home/airflow/.local/lib/python3.12/site-packages/azure/synapse/artifacts/models/_models_py3.py:37844 SyntaxWarnin
g: invalid escape sequence '\d'
/home/airflow/.local/lib/python3.12/site-packages/azure/synapse/artifacts/models/_models_py3.py:37895 SyntaxWarnin
g: invalid escape sequence '\d'
/home/airflow/.local/lib/python3.12/site-packages/azure/synapse/artifacts/models/_models_py3.py:38122 SyntaxWarnin
g: invalid escape sequence '\d'
/home/airflow/.local/lib/python3.12/site-packages/azure/synapse/artifacts/models/_models_py3.py:38190 SyntaxWarnin
g: invalid escape sequence '\d'
/home/airflow/.local/lib/python3.12/site-packages/azure/synapse/artifacts/models/_models_py3.py:38330 SyntaxWarnin
g: invalid escape sequence '\d'
/home/airflow/.local/lib/python3.12/site-packages/azure/synapse/artifacts/models/_models_py3.py:38385 SyntaxWarnin
g: invalid escape sequence '\d'
/home/airflow/.local/lib/python3.12/site-packages/azure/synapse/artifacts/models/_models_py3.py:38666 SyntaxWarnin
g: invalid escape sequence '\d'
/home/airflow/.local/lib/python3.12/site-packages/azure/synapse/artifacts/models/_models_py3.py:38731 SyntaxWarnin
g: invalid escape sequence '\d'
/home/airflow/.local/lib/python3.12/site-packages/azure/synapse/artifacts/models/_models_py3.py:39783 SyntaxWarnin
g: invalid escape sequence '\d'
/home/airflow/.local/lib/python3.12/site-packages/azure/synapse/artifacts/models/_models_py3.py:39841 SyntaxWarnin
g: invalid escape sequence '\d'
/home/airflow/.local/lib/python3.12/site-packages/azure/synapse/artifacts/models/_models_py3.py:40004 SyntaxWarnin
g: invalid escape sequence '\d'
/home/airflow/.local/lib/python3.12/site-packages/azure/synapse/artifacts/models/_models_py3.py:40060 SyntaxWarnin
g: invalid escape sequence '\d'
/home/airflow/.local/lib/python3.12/site-packages/azure/synapse/artifacts/models/_models_py3.py:40097 SyntaxWarnin
g: invalid escape sequence '\d'
/home/airflow/.local/lib/python3.12/site-packages/azure/synapse/artifacts/models/_models_py3.py:40152 SyntaxWarnin
g: invalid escape sequence '\d'
/home/airflow/.local/lib/python3.12/site-packages/azure/synapse/artifacts/models/_models_py3.py:40520 SyntaxWarnin
g: invalid escape sequence '\d'
/home/airflow/.local/lib/python3.12/site-packages/azure/synapse/artifacts/models/_models_py3.py:40592 SyntaxWarnin
g: invalid escape sequence '\d'
/home/airflow/.local/lib/python3.12/site-packages/azure/synapse/artifacts/models/_models_py3.py:41086 SyntaxWarnin
g: invalid escape sequence '\d'
/home/airflow/.local/lib/python3.12/site-packages/azure/synapse/artifacts/models/_models_py3.py:41142 SyntaxWarnin
g: invalid escape sequence '\d'
/home/airflow/.local/lib/python3.12/site-packages/azure/synapse/artifacts/models/_models_py3.py:41179 SyntaxWarnin
g: invalid escape sequence '\d'
/home/airflow/.local/lib/python3.12/site-packages/azure/synapse/artifacts/models/_models_py3.py:41235 SyntaxWarnin
g: invalid escape sequence '\d'
/home/airflow/.local/lib/python3.12/site-packages/azure/synapse/artifacts/models/_models_py3.py:41272 SyntaxWarnin
g: invalid escape sequence '\d'
/home/airflow/.local/lib/python3.12/site-packages/azure/synapse/artifacts/models/_models_py3.py:41337 SyntaxWarnin
g: invalid escape sequence '\d'
/home/airflow/.local/lib/python3.12/site-packages/azure/synapse/artifacts/models/_models_py3.py:41665 SyntaxWarnin
g: invalid escape sequence '\d'
/home/airflow/.local/lib/python3.12/site-packages/azure/synapse/artifacts/models/_models_py3.py:41724 SyntaxWarnin
g: invalid escape sequence '\d'
/home/airflow/.local/lib/python3.12/site-packages/azure/synapse/artifacts/models/_models_py3.py:41763 SyntaxWarnin
g: invalid escape sequence '\d'
/home/airflow/.local/lib/python3.12/site-packages/azure/synapse/artifacts/models/_models_py3.py:41813 SyntaxWarnin
g: invalid escape sequence '\d'
/home/airflow/.local/lib/python3.12/site-packages/azure/synapse/artifacts/models/_models_py3.py:42116 SyntaxWarnin
g: invalid escape sequence '\d'
/home/airflow/.local/lib/python3.12/site-packages/azure/synapse/artifacts/models/_models_py3.py:42175 SyntaxWarnin
g: invalid escape sequence '\d'
/home/airflow/.local/lib/python3.12/site-packages/azure/synapse/artifacts/models/_models_py3.py:42214 SyntaxWarnin
g: invalid escape sequence '\d'
/home/airflow/.local/lib/python3.12/site-packages/azure/synapse/artifacts/models/_models_py3.py:42264 SyntaxWarnin
g: invalid escape sequence '\d'
/home/airflow/.local/lib/python3.12/site-packages/azure/synapse/artifacts/models/_models_py3.py:42584 SyntaxWarnin
g: invalid escape sequence '\d'
/home/airflow/.local/lib/python3.12/site-packages/azure/synapse/artifacts/models/_models_py3.py:42640 SyntaxWarnin
g: invalid escape sequence '\d'
/home/airflow/.local/lib/python3.12/site-packages/azure/synapse/artifacts/models/_models_py3.py:42981 SyntaxWarnin
g: invalid escape sequence '\d'
/home/airflow/.local/lib/python3.12/site-packages/azure/synapse/artifacts/models/_models_py3.py:43037 SyntaxWarnin
g: invalid escape sequence '\d'
/home/airflow/.local/lib/python3.12/site-packages/azure/synapse/artifacts/models/_models_py3.py:43598 SyntaxWarnin
g: invalid escape sequence '\d'
/home/airflow/.local/lib/python3.12/site-packages/azure/synapse/artifacts/models/_models_py3.py:43653 SyntaxWarnin
g: invalid escape sequence '\d'
/home/airflow/.local/lib/python3.12/site-packages/azure/synapse/artifacts/models/_models_py3.py:44205 SyntaxWarnin
g: invalid escape sequence '\d'
/home/airflow/.local/lib/python3.12/site-packages/azure/synapse/artifacts/models/_models_py3.py:44261 SyntaxWarnin
g: invalid escape sequence '\d'
/home/airflow/.local/lib/python3.12/site-packages/azure/synapse/artifacts/models/_models_py3.py:44865 SyntaxWarnin
g: invalid escape sequence '\d'
/home/airflow/.local/lib/python3.12/site-packages/azure/synapse/artifacts/models/_models_py3.py:44921 SyntaxWarnin
g: invalid escape sequence '\d'
/home/airflow/.local/lib/python3.12/site-packages/azure/synapse/artifacts/models/_models_py3.py:45163 SyntaxWarnin
g: invalid escape sequence '\d'
/home/airflow/.local/lib/python3.12/site-packages/azure/synapse/artifacts/models/_models_py3.py:45213 SyntaxWarnin
g: invalid escape sequence '\d'
/home/airflow/.local/lib/python3.12/site-packages/azure/synapse/artifacts/models/_models_py3.py:45811 SyntaxWarnin
g: invalid escape sequence '\d'
/home/airflow/.local/lib/python3.12/site-packages/azure/synapse/artifacts/models/_models_py3.py:45867 SyntaxWarnin
g: invalid escape sequence '\d'
/home/airflow/.local/lib/python3.12/site-packages/azure/synapse/artifacts/models/_models_py3.py:46276 SyntaxWarnin
g: invalid escape sequence '\d'
/home/airflow/.local/lib/python3.12/site-packages/azure/synapse/artifacts/models/_models_py3.py:46353 SyntaxWarnin
g: invalid escape sequence '\d'
/home/airflow/.local/lib/python3.12/site-packages/azure/synapse/artifacts/models/_models_py3.py:46407 SyntaxWarnin
g: invalid escape sequence '\d'
/home/airflow/.local/lib/python3.12/site-packages/azure/synapse/artifacts/models/_models_py3.py:46484 SyntaxWarnin
g: invalid escape sequence '\d'
/home/airflow/.local/lib/python3.12/site-packages/azure/synapse/artifacts/models/_models_py3.py:47662 SyntaxWarnin
g: invalid escape sequence '\d'
/home/airflow/.local/lib/python3.12/site-packages/azure/synapse/artifacts/models/_models_py3.py:47718 SyntaxWarnin
g: invalid escape sequence '\d'
/home/airflow/.local/lib/python3.12/site-packages/azure/synapse/artifacts/models/_models_py3.py:48095 SyntaxWarnin
g: invalid escape sequence '\d'
/home/airflow/.local/lib/python3.12/site-packages/azure/synapse/artifacts/models/_models_py3.py:48165 SyntaxWarnin
g: invalid escape sequence '\d'
/home/airflow/.local/lib/python3.12/site-packages/azure/synapse/artifacts/models/_models_py3.py:48215 SyntaxWarnin
g: invalid escape sequence '\d'
/home/airflow/.local/lib/python3.12/site-packages/azure/synapse/artifacts/models/_models_py3.py:48270 SyntaxWarnin
g: invalid escape sequence '\d'
/home/airflow/.local/lib/python3.12/site-packages/azure/synapse/artifacts/models/_models_py3.py:48306 SyntaxWarnin
g: invalid escape sequence '\d'
/home/airflow/.local/lib/python3.12/site-packages/azure/synapse/artifacts/models/_models_py3.py:48376 SyntaxWarnin
g: invalid escape sequence '\d'
/home/airflow/.local/lib/python3.12/site-packages/azure/synapse/artifacts/models/_models_py3.py:48426 SyntaxWarnin
g: invalid escape sequence '\d'
/home/airflow/.local/lib/python3.12/site-packages/azure/synapse/artifacts/models/_models_py3.py:48486 SyntaxWarnin
g: invalid escape sequence '\d'
/home/airflow/.local/lib/python3.12/site-packages/azure/synapse/artifacts/models/_models_py3.py:48745 SyntaxWarnin
g: invalid escape sequence '\d'
/home/airflow/.local/lib/python3.12/site-packages/azure/synapse/artifacts/models/_models_py3.py:48800 SyntaxWarnin
g: invalid escape sequence '\d'
/home/airflow/.local/lib/python3.12/site-packages/azure/synapse/artifacts/models/_models_py3.py:49047 SyntaxWarnin
g: invalid escape sequence '\d'
/home/airflow/.local/lib/python3.12/site-packages/azure/synapse/artifacts/models/_models_py3.py:49111 SyntaxWarnin
g: invalid escape sequence '\d'
/home/airflow/.local/lib/python3.12/site-packages/azure/synapse/artifacts/models/_models_py3.py:49155 SyntaxWarnin
g: invalid escape sequence '\d'
/home/airflow/.local/lib/python3.12/site-packages/azure/synapse/artifacts/models/_models_py3.py:49218 SyntaxWarnin
g: invalid escape sequence '\d'
/home/airflow/.local/lib/python3.12/site-packages/azure/synapse/artifacts/models/_models_py3.py:49472 SyntaxWarnin
g: invalid escape sequence '\d'
/home/airflow/.local/lib/python3.12/site-packages/azure/synapse/artifacts/models/_models_py3.py:49535 SyntaxWarnin
g: invalid escape sequence '\d'
/home/airflow/.local/lib/python3.12/site-packages/azure/synapse/artifacts/models/_models_py3.py:49723 SyntaxWarnin
g: invalid escape sequence '\d'
/home/airflow/.local/lib/python3.12/site-packages/azure/synapse/artifacts/models/_models_py3.py:49792 SyntaxWarnin
g: invalid escape sequence '\d'
/home/airflow/.local/lib/python3.12/site-packages/azure/synapse/artifacts/models/_models_py3.py:50300 SyntaxWarnin
g: invalid escape sequence '\d'
/home/airflow/.local/lib/python3.12/site-packages/azure/synapse/artifacts/models/_models_py3.py:50371 SyntaxWarnin
g: invalid escape sequence '\d'
/home/airflow/.local/lib/python3.12/site-packages/azure/synapse/artifacts/models/_models_py3.py:50594 SyntaxWarnin
g: invalid escape sequence '\d'
/home/airflow/.local/lib/python3.12/site-packages/azure/synapse/artifacts/models/_models_py3.py:50667 SyntaxWarnin
g: invalid escape sequence '\d'
/home/airflow/.local/lib/python3.12/site-packages/azure/synapse/artifacts/models/_models_py3.py:51221 SyntaxWarnin
g: invalid escape sequence '\d'
/home/airflow/.local/lib/python3.12/site-packages/azure/synapse/artifacts/models/_models_py3.py:51319 SyntaxWarnin
g: invalid escape sequence '\d'
/home/airflow/.local/lib/python3.12/site-packages/azure/synapse/artifacts/models/_models_py3.py:51582 SyntaxWarnin
g: invalid escape sequence '\d'
/home/airflow/.local/lib/python3.12/site-packages/azure/synapse/artifacts/models/_models_py3.py:51658 SyntaxWarnin
g: invalid escape sequence '\d'
/home/airflow/.local/lib/python3.12/site-packages/azure/synapse/artifacts/models/_models_py3.py:52282 SyntaxWarnin
g: invalid escape sequence '\d'
/home/airflow/.local/lib/python3.12/site-packages/azure/synapse/artifacts/models/_models_py3.py:52338 SyntaxWarnin
g: invalid escape sequence '\d'
/home/airflow/.local/lib/python3.12/site-packages/azure/synapse/artifacts/models/_models_py3.py:53161 SyntaxWarnin
g: invalid escape sequence '\d'
/home/airflow/.local/lib/python3.12/site-packages/azure/synapse/artifacts/models/_models_py3.py:53213 SyntaxWarnin
g: invalid escape sequence '\d'
/home/airflow/.local/lib/python3.12/site-packages/azure/synapse/artifacts/models/_models_py3.py:53473 SyntaxWarnin
g: invalid escape sequence '\d'
/home/airflow/.local/lib/python3.12/site-packages/azure/synapse/artifacts/models/_models_py3.py:53529 SyntaxWarnin
g: invalid escape sequence '\d'
/home/airflow/.local/lib/python3.12/site-packages/azure/synapse/artifacts/models/_models_py3.py:54052 SyntaxWarnin
g: invalid escape sequence '\d'
/home/airflow/.local/lib/python3.12/site-packages/azure/synapse/artifacts/models/_models_py3.py:54112 SyntaxWarnin
g: invalid escape sequence '\d'
/home/airflow/.local/lib/python3.12/site-packages/azure/synapse/artifacts/models/_models_py3.py:54152 SyntaxWarnin
g: invalid escape sequence '\d'
/home/airflow/.local/lib/python3.12/site-packages/azure/synapse/artifacts/models/_models_py3.py:54202 SyntaxWarnin
g: invalid escape sequence '\d'
/home/airflow/.local/lib/python3.12/site-packages/azure/synapse/artifacts/models/_models_py3.py:55598 SyntaxWarnin
g: invalid escape sequence '\d'
/home/airflow/.local/lib/python3.12/site-packages/azure/synapse/artifacts/models/_models_py3.py:55654 SyntaxWarnin
g: invalid escape sequence '\d'
/home/airflow/.local/lib/python3.12/site-packages/azure/synapse/artifacts/models/_models_py3.py:55808 SyntaxWarnin
g: invalid escape sequence '\d'
/home/airflow/.local/lib/python3.12/site-packages/azure/synapse/artifacts/models/_models_py3.py:55888 SyntaxWarnin
g: invalid escape sequence '\d'
/home/airflow/.local/lib/python3.12/site-packages/azure/synapse/artifacts/models/_models_py3.py:55944 SyntaxWarnin
g: invalid escape sequence '\d'
/home/airflow/.local/lib/python3.12/site-packages/azure/synapse/artifacts/models/_models_py3.py:56027 SyntaxWarnin
g: invalid escape sequence '\d'
/home/airflow/.local/lib/python3.12/site-packages/azure/synapse/artifacts/models/_models_py3.py:56086 SyntaxWarnin
g: invalid escape sequence '\d'
/home/airflow/.local/lib/python3.12/site-packages/azure/synapse/artifacts/models/_models_py3.py:56169 SyntaxWarnin
g: invalid escape sequence '\d'
/home/airflow/.local/lib/python3.12/site-packages/azure/synapse/artifacts/models/_models_py3.py:56225 SyntaxWarnin
g: invalid escape sequence '\d'
/home/airflow/.local/lib/python3.12/site-packages/azure/synapse/artifacts/models/_models_py3.py:56310 SyntaxWarnin
g: invalid escape sequence '\d'
/home/airflow/.local/lib/python3.12/site-packages/azure/synapse/artifacts/models/_models_py3.py:57131 SyntaxWarnin
g: invalid escape sequence '\d'
/home/airflow/.local/lib/python3.12/site-packages/azure/synapse/artifacts/models/_models_py3.py:57214 SyntaxWarnin
g: invalid escape sequence '\d'
/home/airflow/.local/lib/python3.12/site-packages/azure/synapse/artifacts/models/_models_py3.py:57270 SyntaxWarnin
g: invalid escape sequence '\d'
/home/airflow/.local/lib/python3.12/site-packages/azure/synapse/artifacts/models/_models_py3.py:57355 SyntaxWarnin
g: invalid escape sequence '\d'
/home/airflow/.local/lib/python3.12/site-packages/azure/synapse/artifacts/models/_models_py3.py:57659 SyntaxWarnin
g: invalid escape sequence '\d'
/home/airflow/.local/lib/python3.12/site-packages/azure/synapse/artifacts/models/_models_py3.py:57742 SyntaxWarnin
g: invalid escape sequence '\d'
/home/airflow/.local/lib/python3.12/site-packages/azure/synapse/artifacts/models/_models_py3.py:57798 SyntaxWarnin
g: invalid escape sequence '\d'
/home/airflow/.local/lib/python3.12/site-packages/azure/synapse/artifacts/models/_models_py3.py:57879 SyntaxWarnin
g: invalid escape sequence '\d'
/home/airflow/.local/lib/python3.12/site-packages/azure/synapse/artifacts/models/_models_py3.py:58188 SyntaxWarnin
g: invalid escape sequence '\d'
/home/airflow/.local/lib/python3.12/site-packages/azure/synapse/artifacts/models/_models_py3.py:58244 SyntaxWarnin
g: invalid escape sequence '\d'
/home/airflow/.local/lib/python3.12/site-packages/azure/synapse/artifacts/models/_models_py3.py:58446 SyntaxWarnin
g: invalid escape sequence '\d'
/home/airflow/.local/lib/python3.12/site-packages/azure/synapse/artifacts/models/_models_py3.py:58484 SyntaxWarnin
g: invalid escape sequence '\d'
/home/airflow/.local/lib/python3.12/site-packages/azure/synapse/artifacts/models/_models_py3.py:59152 SyntaxWarnin
g: invalid escape sequence '\d'
/home/airflow/.local/lib/python3.12/site-packages/azure/synapse/artifacts/models/_models_py3.py:59207 SyntaxWarnin
g: invalid escape sequence '\d'
/home/airflow/.local/lib/python3.12/site-packages/azure/synapse/artifacts/models/_models_py3.py:60374 SyntaxWarnin
g: invalid escape sequence '\d'
/home/airflow/.local/lib/python3.12/site-packages/azure/synapse/artifacts/models/_models_py3.py:60438 SyntaxWarnin
g: invalid escape sequence '\d'
/home/airflow/.local/lib/python3.12/site-packages/azure/synapse/artifacts/models/_models_py3.py:61074 SyntaxWarnin
g: invalid escape sequence '\d'
/home/airflow/.local/lib/python3.12/site-packages/azure/synapse/artifacts/models/_models_py3.py:61166 SyntaxWarnin
g: invalid escape sequence '\d'
/home/airflow/.local/lib/python3.12/site-packages/azure/synapse/artifacts/models/_models_py3.py:61432 SyntaxWarnin
g: invalid escape sequence '\d'
/home/airflow/.local/lib/python3.12/site-packages/azure/synapse/artifacts/models/_models_py3.py:61506 SyntaxWarnin
g: invalid escape sequence '\d'
/home/airflow/.local/lib/python3.12/site-packages/azure/synapse/artifacts/models/_models_py3.py:61609 SyntaxWarnin
g: invalid escape sequence '\d'
/home/airflow/.local/lib/python3.12/site-packages/azure/synapse/artifacts/models/_models_py3.py:61691 SyntaxWarnin
g: invalid escape sequence '\d'
/home/airflow/.local/lib/python3.12/site-packages/azure/synapse/artifacts/models/_models_py3.py:61877 SyntaxWarnin
g: invalid escape sequence '\d'
/home/airflow/.local/lib/python3.12/site-packages/azure/synapse/artifacts/models/_models_py3.py:61933 SyntaxWarnin
g: invalid escape sequence '\d'
/home/airflow/.local/lib/python3.12/site-packages/azure/synapse/artifacts/models/_models_py3.py:62634 SyntaxWarnin
g: invalid escape sequence '\d'
/home/airflow/.local/lib/python3.12/site-packages/azure/synapse/artifacts/models/_models_py3.py:62727 SyntaxWarnin
g: invalid escape sequence '\d'
/home/airflow/.local/lib/python3.12/site-packages/azure/synapse/artifacts/models/_models_py3.py:62866 SyntaxWarnin
g: invalid escape sequence '\d'
/home/airflow/.local/lib/python3.12/site-packages/azure/synapse/artifacts/models/_models_py3.py:62912 SyntaxWarnin
g: invalid escape sequence '\d'
/home/airflow/.local/lib/python3.12/site-packages/azure/synapse/artifacts/models/_models_py3.py:63683 SyntaxWarnin
g: invalid escape sequence '\d'
/home/airflow/.local/lib/python3.12/site-packages/azure/synapse/artifacts/models/_models_py3.py:63739 SyntaxWarnin
g: invalid escape sequence '\d'
/home/airflow/.local/lib/python3.12/site-packages/azure/synapse/artifacts/models/_models_py3.py:63991 SyntaxWarnin
g: invalid escape sequence '\d'
/home/airflow/.local/lib/python3.12/site-packages/azure/synapse/artifacts/models/_models_py3.py:64045 SyntaxWarnin
g: invalid escape sequence '\d'
/home/airflow/.local/lib/python3.12/site-packages/azure/synapse/artifacts/models/_models_py3.py:64480 SyntaxWarnin
g: invalid escape sequence '\d'
/home/airflow/.local/lib/python3.12/site-packages/azure/synapse/artifacts/models/_models_py3.py:64536 SyntaxWarnin
g: invalid escape sequence '\d'
[2026-06-14 14:02:27 +0000] [13] [INFO] Listening at: http://0.0.0.0:8080 (13)
[2026-06-14 14:02:27 +0000] [13] [INFO] Using worker: sync
[2026-06-14 14:02:27 +0000] [29] [INFO] Booting worker with pid: 29
[2026-06-14 14:02:27 +0000] [30] [INFO] Booting worker with pid: 30
[2026-06-14 14:02:27 +0000] [31] [INFO] Booting worker with pid: 31
[2026-06-14 14:02:27 +0000] [32] [INFO] Booting worker with pid: 32
